"../../../Engine/Plugins/Animation/ACLPlugin/Content/ACLAnimCurveCompressionSettings.uasset" 0
"../../../Engine/Plugins/Animation/ACLPlugin/Content/ACLAnimCurveCompressionSettings.uexp" 1
"../../../Engine/Plugins/Animation/ACLPlugin/Content/ACLAnimBoneCompressionSettings.uasset" 2
"../../../Engine/Plugins/Animation/ACLPlugin/Content/ACLAnimBoneCompressionSettings.uexp" 3
"../../../Engine/Plugins/2D/Paper2D/Content/PlaceholderTextures/DummySpriteTexture.uasset" 4
"../../../Engine/Plugins/2D/Paper2D/Content/PlaceholderTextures/DummySpriteTexture.ubulk" 5
"../../../Engine/Plugins/2D/Paper2D/Content/PlaceholderTextures/DummySpriteTexture.uexp" 6
"../../../Engine/Plugins/2D/Paper2D/Content/DummySprite.uasset" 7
"../../../Engine/Plugins/2D/Paper2D/Content/DummySprite.uexp" 8
"../../../Engine/Plugins/2D/Paper2D/Content/DefaultPaperTerrainMaterial.uasset" 9
"../../../Engine/Plugins/2D/Paper2D/Content/DefaultPaperTerrainMaterial.uexp" 10
"../../../Engine/Plugins/Interchange/Runtime/Content/Pipelines/DefaultTexturePipeline.uasset" 11
"../../../Engine/Plugins/Interchange/Runtime/Content/Pipelines/DefaultTexturePipeline.uexp" 12
"../../../Engine/Plugins/Interchange/Runtime/Content/Pipelines/DefaultSceneLevelPipeline.uasset" 13
"../../../Engine/Plugins/Interchange/Runtime/Content/Pipelines/DefaultSceneLevelPipeline.uexp" 14
"../../../Engine/Plugins/Interchange/Runtime/Content/Pipelines/DefaultSceneAssetsPipeline.uasset" 15
"../../../Engine/Plugins/Interchange/Runtime/Content/Pipelines/DefaultSceneAssetsPipeline.uexp" 16
"../../../Engine/Plugins/Interchange/Runtime/Content/Pipelines/DefaultMaterialXPipeline.uasset" 17
"../../../Engine/Plugins/Interchange/Runtime/Content/Pipelines/DefaultMaterialXPipeline.uexp" 18
"../../../Engine/Plugins/Interchange/Runtime/Content/Pipelines/DefaultMaterialPipeline.uasset" 19
"../../../Engine/Plugins/Interchange/Runtime/Content/Pipelines/DefaultMaterialPipeline.uexp" 20
"../../../Engine/Plugins/Interchange/Runtime/Content/Pipelines/DefaultGLTFSceneAssetsPipeline.uasset" 21
"../../../Engine/Plugins/Interchange/Runtime/Content/Pipelines/DefaultGLTFSceneAssetsPipeline.uexp" 22
"../../../Engine/Plugins/Interchange/Runtime/Content/Pipelines/DefaultGLTFPipeline.uasset" 23
"../../../Engine/Plugins/Interchange/Runtime/Content/Pipelines/DefaultGLTFPipeline.uexp" 24
"../../../Engine/Plugins/Interchange/Runtime/Content/Pipelines/DefaultGLTFAssetsPipeline.uasset" 25
"../../../Engine/Plugins/Interchange/Runtime/Content/Pipelines/DefaultGLTFAssetsPipeline.uexp" 26
"../../../Engine/Plugins/Interchange/Runtime/Content/Pipelines/DefaultAssetsPipeline.uasset" 27
"../../../Engine/Plugins/Interchange/Runtime/Content/Pipelines/DefaultAssetsPipeline.uexp" 28
"../../../Engine/Plugins/Animation/ControlRig/Content/Controls/DefaultGizmoLibraryNormalized.uasset" 29
"../../../Engine/Plugins/Animation/ControlRig/Content/Controls/DefaultGizmoLibraryNormalized.uexp" 30
"../../../Engine/Content/MobileResources/HUD/VirtualJoystick_Background.uasset" 31
"../../../Engine/Content/MobileResources/HUD/VirtualJoystick_Background.uexp" 32
"../../../Engine/Content/MobileResources/HUD/VirtualJoystick_Thumb.uasset" 33
"../../../Engine/Content/MobileResources/HUD/VirtualJoystick_Thumb.uexp" 34
"../../../Engine/Content/MobileResources/HUD/DefaultVirtualJoysticks.uasset" 35
"../../../Engine/Content/MobileResources/HUD/DefaultVirtualJoysticks.uexp" 36
"../../../Engine/Content/EngineSounds/Master.uasset" 37
"../../../Engine/Content/EngineSounds/Master.uexp" 38
"../../../Engine/Content/EngineMaterials/DefaultPhysicalMaterial.uasset" 39
"../../../Engine/Content/EngineMaterials/DefaultPhysicalMaterial.uexp" 40
"../../../Engine/Content/EngineMaterials/DefaultDestructiblePhysicalMaterial.uasset" 41
"../../../Engine/Content/EngineMaterials/DefaultDestructiblePhysicalMaterial.uexp" 42
"../../../Engine/Content/EngineFonts/Faces/RobotoLight.uasset" 43
"../../../Engine/Content/EngineFonts/Faces/RobotoLight.ufont" 44
"../../../Engine/Content/EngineFonts/Faces/RobotoLight.uexp" 45
"../../../Engine/Content/EngineFonts/Faces/RobotoBold.uasset" 46
"../../../Engine/Content/EngineFonts/Faces/RobotoBold.ufont" 47
"../../../Engine/Content/EngineFonts/Faces/RobotoBold.uexp" 48
"../../../Engine/Content/EngineFonts/Faces/RobotoRegular.uasset" 49
"../../../Engine/Content/EngineFonts/Faces/RobotoRegular.ufont" 50
"../../../Engine/Content/EngineFonts/Faces/RobotoRegular.uexp" 51
"../../../Engine/Content/EngineFonts/Faces/DroidSansFallback.uasset" 52
"../../../Engine/Content/EngineFonts/Faces/DroidSansFallback.ufont" 53
"../../../Engine/Content/EngineFonts/Faces/DroidSansFallback.uexp" 54
"../../../Engine/Content/EngineFonts/Faces/RobotoItalic.uasset" 55
"../../../Engine/Content/EngineFonts/Faces/RobotoItalic.ufont" 56
"../../../Engine/Content/EngineFonts/Faces/RobotoItalic.uexp" 57
"../../../Engine/Content/EngineFonts/Faces/RobotoBoldItalic.uasset" 58
"../../../Engine/Content/EngineFonts/Faces/RobotoBoldItalic.ufont" 59
"../../../Engine/Content/EngineFonts/Faces/RobotoBoldItalic.uexp" 60
"../../../Engine/Content/EngineFonts/Roboto.uasset" 61
"../../../Engine/Content/EngineFonts/Roboto.uexp" 62
"../../../Engine/Content/Animation/DefaultVariableFrameStrippingSettings.uasset" 63
"../../../Engine/Content/Animation/DefaultVariableFrameStrippingSettings.uexp" 64
"../../../Engine/Content/Animation/DefaultRecorderBoneCompression.uasset" 65
"../../../Engine/Content/Animation/DefaultRecorderBoneCompression.uexp" 66
"../../../Engine/Content/EditorResources/S_Actor.uasset" 67
"../../../Engine/Content/EditorResources/S_Actor.ubulk" 68
"../../../Engine/Content/EditorResources/S_Actor.uexp" 69
"../../../Engine/Plugins/Runtime/AudioWidgets/Content/Resources/ScrubHandleDown_Clamped.uasset" 70
"../../../Engine/Plugins/Runtime/AudioWidgets/Content/Resources/ScrubHandleDown_Clamped.uexp" 71
"../../../Engine/Content/EngineResources/GradientTexture0.uasset" 72
"../../../Engine/Content/EngineResources/GradientTexture0.uexp" 73
"../../../Engine/Content/EngineResources/DefaultTexture.uasset" 74
"../../../Engine/Content/EngineResources/DefaultTexture.ubulk" 75
"../../../Engine/Content/EngineResources/DefaultTexture.uexp" 76
"../../../Engine/Content/EngineResources/Black.uasset" 77
"../../../Engine/Content/EngineResources/Black.uexp" 78
"../../../Engine/Content/EngineResources/FilmGrains/Marcie_Grain_v3_128_M2_000.uasset" 79
"../../../Engine/Content/EngineResources/FilmGrains/Marcie_Grain_v3_128_M2_000.uexp" 80
"../../../Engine/Content/EngineMaterials/PreintegratedSkinBRDF.uasset" 81
"../../../Engine/Content/EngineMaterials/PreintegratedSkinBRDF.uexp" 82
"../../../Engine/Content/EngineMaterials/MiniFont.uasset" 83
"../../../Engine/Content/EngineMaterials/MiniFont.uexp" 84
"../../../Engine/Content/EngineMaterials/FastBlueNoise_vec2_128x128x64.uasset" 85
"../../../Engine/Content/EngineMaterials/FastBlueNoise_vec2_128x128x64.uexp" 86
"../../../Engine/Content/EngineMaterials/FastBlueNoise_scalar_128x128x64.uasset" 87
"../../../Engine/Content/EngineMaterials/FastBlueNoise_scalar_128x128x64.uexp" 88
"../../../Engine/Content/EngineMaterials/DefaultWhiteGrid.uasset" 89
"../../../Engine/Content/EngineMaterials/DefaultWhiteGrid.ubulk" 90
"../../../Engine/Content/EngineMaterials/DefaultWhiteGrid.uexp" 91
"../../../Engine/Content/EngineMaterials/DefaultBokeh.uasset" 92
"../../../Engine/Content/EngineMaterials/DefaultBokeh.uexp" 93
"../../../Engine/Content/EngineMaterials/DefaultBloomKernel.uasset" 94
"../../../Engine/Content/EngineMaterials/DefaultBloomKernel.uexp" 95
"../../../Engine/Content/EngineMaterials/LTC/Sheen_LTC.uasset" 96
"../../../Engine/Content/EngineMaterials/LTC/Sheen_LTC.uexp" 97
"../../../Engine/Content/EngineMaterials/LTC/GGX_LTCMat.uasset" 98
"../../../Engine/Content/EngineMaterials/LTC/GGX_LTCMat.uexp" 99
"../../../Engine/Content/EngineMaterials/LTC/GGX_LTCAmp.uasset" 100
"../../../Engine/Content/EngineMaterials/LTC/GGX_LTCAmp.uexp" 101
"../../../Engine/Content/EngineMaterials/EnergyConservation/Sheen_Energy.uasset" 102
"../../../Engine/Content/EngineMaterials/EnergyConservation/Sheen_Energy.uexp" 103
"../../../Engine/Content/EngineMaterials/EnergyConservation/SheenLegacy_Energy.uasset" 104
"../../../Engine/Content/EngineMaterials/EnergyConservation/SheenLegacy_Energy.uexp" 105
"../../../Engine/Content/EngineMaterials/EnergyConservation/GGX_TransmissionEnergyArray.uasset" 106
"../../../Engine/Content/EngineMaterials/EnergyConservation/GGX_TransmissionEnergyArray.uexp" 107
"../../../Engine/Content/EngineMaterials/EnergyConservation/GGX_ReflectionEnergy.uasset" 108
"../../../Engine/Content/EngineMaterials/EnergyConservation/GGX_ReflectionEnergy.uexp" 109
"../../../Engine/Content/EngineMaterials/EnergyConservation/Diffuse_Energy.uasset" 110
"../../../Engine/Content/EngineMaterials/EnergyConservation/Diffuse_Energy.uexp" 111
"../../../Engine/Content/EngineDamageTypes/DmgTypeBP_Environmental.uasset" 112
"../../../Engine/Content/EngineDamageTypes/DmgTypeBP_Environmental.uexp" 113
"../../../Engine/Content/EditorResources/S_TriggerSphere.uasset" 114
"../../../Engine/Content/EditorResources/S_TriggerSphere.uexp" 115
"../../../Engine/Content/EditorResources/S_TriggerCapsule.uasset" 116
"../../../Engine/Content/EditorResources/S_TriggerCapsule.uexp" 117
"../../../Engine/Content/EditorResources/S_TriggerBox.uasset" 118
"../../../Engine/Content/EditorResources/S_TriggerBox.uexp" 119
"../../../Engine/Content/EditorResources/S_Trigger.uasset" 120
"../../../Engine/Content/EditorResources/S_Trigger.ubulk" 121
"../../../Engine/Content/EditorResources/S_Trigger.uexp" 122
"../../../Engine/Content/EditorResources/S_Terrain.uasset" 123
"../../../Engine/Content/EditorResources/S_Terrain.ubulk" 124
"../../../Engine/Content/EditorResources/S_Terrain.uexp" 125
"../../../Engine/Content/EditorResources/S_Solver.uasset" 126
"../../../Engine/Content/EditorResources/S_Solver.ubulk" 127
"../../../Engine/Content/EditorResources/S_Solver.uexp" 128
"../../../Engine/Content/EditorResources/S_BoxReflectionCapture.uasset" 129
"../../../Engine/Content/EditorResources/S_BoxReflectionCapture.uexp" 130
"../../../Engine/Content/EditorResources/EmptyActor.uasset" 131
"../../../Engine/Content/EditorResources/EmptyActor.uexp" 132
"../../../Engine/Content/EditorResources/BSPVertex.uasset" 133
"../../../Engine/Content/EditorResources/BSPVertex.uexp" 134
"../../../Engine/Content/EditorResources/SequenceRecorder/RecordingIndicator.uasset" 135
"../../../Engine/Content/EditorResources/SequenceRecorder/RecordingIndicator.uexp" 136
"../../../Engine/Content/EditorResources/SequenceRecorder/Countdown.uasset" 137
"../../../Engine/Content/EditorResources/SequenceRecorder/Countdown.uexp" 138
"../../../Engine/Content/EditorMaterials/ParticleSystems/PSysThumbnail_OOD.uasset" 139
"../../../Engine/Content/EditorMaterials/ParticleSystems/PSysThumbnail_OOD.ubulk" 140
"../../../Engine/Content/EditorMaterials/ParticleSystems/PSysThumbnail_OOD.uexp" 141
"../../../Engine/Content/EditorMaterials/ParticleSystems/PSysThumbnail_NoImage.uasset" 142
"../../../Engine/Content/EditorMaterials/ParticleSystems/PSysThumbnail_NoImage.ubulk" 143
"../../../Engine/Content/EditorMaterials/ParticleSystems/PSysThumbnail_NoImage.uexp" 144
"../../../Engine/Content/EditorLandscapeResources/DefaultAlphaTexture.uasset" 145
"../../../Engine/Content/EditorLandscapeResources/DefaultAlphaTexture.uexp" 146
"../../../Engine/Content/EngineResources/DefaultTextureCube.uasset" 147
"../../../Engine/Content/EngineResources/DefaultTextureCube.uexp" 148
"../../../Engine/Content/EngineMaterials/Substrate/Volume/SubstrateSimpleVolumeEnvLUT3D.uasset" 149
"../../../Engine/Content/EngineMaterials/Substrate/Volume/SubstrateSimpleVolumeEnvLUT3D.uexp" 150
"../../../Engine/Content/EngineMaterials/Substrate/Volume/SubstrateSimpleVolumeLUT3D.uasset" 151
"../../../Engine/Content/EngineMaterials/Substrate/Volume/SubstrateSimpleVolumeLUT3D.uexp" 152
"../../../Engine/Content/EngineResources/DefaultVolumeTexture2D.uasset" 153
"../../../Engine/Content/EngineResources/DefaultVolumeTexture2D.uexp" 154
"../../../Engine/Content/EngineResources/DefaultVolumeTexture.uasset" 155
"../../../Engine/Content/EngineResources/DefaultVolumeTexture.uexp" 156
"../../../Engine/Plugins/Interchange/Assets/Content/Functions/MX_AbsorptionVDF.uasset" 157
"../../../Engine/Plugins/Interchange/Assets/Content/Functions/MX_AbsorptionVDF.uexp" 158
"../../../Engine/Plugins/Interchange/Assets/Content/Functions/MX_AnisotropicVDF.uasset" 159
"../../../Engine/Plugins/Interchange/Assets/Content/Functions/MX_AnisotropicVDF.uexp" 160
"../../../Engine/Plugins/Interchange/Assets/Content/Functions/MX_BurleyDiffuseBSDF.uasset" 161
"../../../Engine/Plugins/Interchange/Assets/Content/Functions/MX_BurleyDiffuseBSDF.uexp" 162
"../../../Engine/Plugins/Interchange/Assets/Content/Functions/MX_ConductorBSDF.uasset" 163
"../../../Engine/Plugins/Interchange/Assets/Content/Functions/MX_ConductorBSDF.uexp" 164
"../../../Engine/Plugins/Interchange/Assets/Content/Functions/MX_ConicalEDF.uasset" 165
"../../../Engine/Plugins/Interchange/Assets/Content/Functions/MX_ConicalEDF.uexp" 166
"../../../Engine/Plugins/Interchange/Assets/Content/Functions/MX_DielectricBSDF.uasset" 167
"../../../Engine/Plugins/Interchange/Assets/Content/Functions/MX_DielectricBSDF.uexp" 168
"../../../Engine/Plugins/Interchange/Assets/Content/Functions/MX_GeneralizedSchlickBSDF.uasset" 169
"../../../Engine/Plugins/Interchange/Assets/Content/Functions/MX_GeneralizedSchlickBSDF.uexp" 170
"../../../Engine/Plugins/Interchange/Assets/Content/Functions/MX_MeasuredEDF.uasset" 171
"../../../Engine/Plugins/Interchange/Assets/Content/Functions/MX_MeasuredEDF.uexp" 172
"../../../Engine/Plugins/Interchange/Assets/Content/Utilities/New_LUT.uasset" 173
"../../../Engine/Plugins/Interchange/Assets/Content/Utilities/New_LUT.uexp" 174
"../../../Engine/Content/Functions/Engine_MaterialFunctions03/Math/RemapValueRange.uasset" 175
"../../../Engine/Content/Functions/Engine_MaterialFunctions03/Math/RemapValueRange.uexp" 176
"../../../Engine/Plugins/Interchange/Assets/Content/Functions/MF_Iridescence.uasset" 177
"../../../Engine/Plugins/Interchange/Assets/Content/Functions/MF_Iridescence.uexp" 178
"../../../Engine/Plugins/Interchange/Assets/Content/Functions/MX_StandardSurface.uasset" 179
"../../../Engine/Plugins/Interchange/Assets/Content/Functions/MX_StandardSurface.uexp" 180
"../../../Engine/Plugins/Interchange/Assets/Content/Functions/MX_OpenPBR_Opaque.uasset" 181
"../../../Engine/Plugins/Interchange/Assets/Content/Functions/MX_OpenPBR_Opaque.uexp" 182
"../../../Engine/Plugins/Interchange/Assets/Content/Functions/MX_TransmissionSurface.uasset" 183
"../../../Engine/Plugins/Interchange/Assets/Content/Functions/MX_TransmissionSurface.uexp" 184
"../../../Engine/Plugins/Interchange/Assets/Content/Functions/MX_OpenPBR_Translucent.uasset" 185
"../../../Engine/Plugins/Interchange/Assets/Content/Functions/MX_OpenPBR_Translucent.uexp" 186
"../../../Engine/Plugins/Interchange/Assets/Content/Functions/MX_OrenNayarBSDF.uasset" 187
"../../../Engine/Plugins/Interchange/Assets/Content/Functions/MX_OrenNayarBSDF.uexp" 188
"../../../Engine/Plugins/Interchange/Assets/Content/Functions/MX_SheenBSDF.uasset" 189
"../../../Engine/Plugins/Interchange/Assets/Content/Functions/MX_SheenBSDF.uexp" 190
"../../../Engine/Plugins/Interchange/Assets/Content/Functions/MX_SubsurfaceBSDF.uasset" 191
"../../../Engine/Plugins/Interchange/Assets/Content/Functions/MX_SubsurfaceBSDF.uexp" 192
"../../../Engine/Plugins/Interchange/Assets/Content/Functions/MX_Surface.uasset" 193
"../../../Engine/Plugins/Interchange/Assets/Content/Functions/MX_Surface.uexp" 194
"../../../Engine/Plugins/Interchange/Assets/Content/Functions/MX_SurfaceUnlit.uasset" 195
"../../../Engine/Plugins/Interchange/Assets/Content/Functions/MX_SurfaceUnlit.uexp" 196
"../../../Engine/Plugins/Interchange/Assets/Content/Functions/MX_ThinFilmBSDF.uasset" 197
"../../../Engine/Plugins/Interchange/Assets/Content/Functions/MX_ThinFilmBSDF.uexp" 198
"../../../Engine/Plugins/Interchange/Assets/Content/Functions/MX_TranslucentBSDF.uasset" 199
"../../../Engine/Plugins/Interchange/Assets/Content/Functions/MX_TranslucentBSDF.uexp" 200
"../../../Engine/Plugins/Interchange/Assets/Content/Functions/MX_UniformEDF.uasset" 201
"../../../Engine/Plugins/Interchange/Assets/Content/Functions/MX_UniformEDF.uexp" 202
"../../../Engine/Plugins/Interchange/Assets/Content/Functions/MX_UsdPreviewSurface.uasset" 203
"../../../Engine/Plugins/Interchange/Assets/Content/Functions/MX_UsdPreviewSurface.uexp" 204
"../../../Engine/Content/Functions/Engine_MaterialFunctions01/Shading/PowerToRoughness.uasset" 205
"../../../Engine/Content/Functions/Engine_MaterialFunctions01/Shading/PowerToRoughness.uexp" 206
"../../../Engine/Content/Functions/Engine_MaterialFunctions01/Shading/ConvertFromDiffSpec.uasset" 207
"../../../Engine/Content/Functions/Engine_MaterialFunctions01/Shading/ConvertFromDiffSpec.uexp" 208
"../../../Engine/Content/EditorMaterials/Dataflow/DataflowTwoSidedVertexMaterial.uasset" 209
"../../../Engine/Content/EditorMaterials/Dataflow/DataflowTwoSidedVertexMaterial.uexp" 210
"../../../Engine/Content/EditorMaterials/Dataflow/DataflowVertexMaterial.uasset" 211
"../../../Engine/Content/EditorMaterials/Dataflow/DataflowVertexMaterial.uexp" 212
"../../../Engine/Content/EditorMaterials/PhAT_NoCollisionMaterial.uasset" 213
"../../../Engine/Content/EditorMaterials/PhAT_NoCollisionMaterial.uexp" 214
"../../../Engine/Content/EditorMaterials/PhAT_UnselectedMaterial.uasset" 215
"../../../Engine/Content/EditorMaterials/PhAT_UnselectedMaterial.uexp" 216
"../../../Engine/Content/EditorMaterials/PreviewShadowIndicator.uasset" 217
"../../../Engine/Content/EditorMaterials/PreviewShadowIndicator.ubulk" 218
"../../../Engine/Content/EditorMaterials/PreviewShadowIndicator.uexp" 219
"../../../Engine/Content/EditorMaterials/PreviewShadowIndicatorMaterial.uasset" 220
"../../../Engine/Content/EditorMaterials/PreviewShadowIndicatorMaterial.uexp" 221
"../../../Engine/Content/EngineDebugMaterials/DebugEditorMaterial.uasset" 222
"../../../Engine/Content/EngineDebugMaterials/DebugEditorMaterial.uexp" 223
"../../../Engine/Content/EngineDebugMaterials/DebugMeshMaterial.uasset" 224
"../../../Engine/Content/EngineDebugMaterials/DebugMeshMaterial.uexp" 225
"../../../Engine/Content/EngineDebugMaterials/M_SimpleUnlitTranslucent.uasset" 226
"../../../Engine/Content/EngineDebugMaterials/M_SimpleUnlitTranslucent.uexp" 227
"../../../Engine/Content/Functions/Engine_MaterialFunctions02/Utility/CameraDirectionVector.uasset" 228
"../../../Engine/Content/Functions/Engine_MaterialFunctions02/Utility/CameraDirectionVector.uexp" 229
"../../../Engine/Content/EngineDebugMaterials/VolumeToRender.uasset" 230
"../../../Engine/Content/EngineDebugMaterials/VolumeToRender.uexp" 231
"../../../Engine/Content/EngineDebugMaterials/M_VolumeRenderSphereTracePP.uasset" 232
"../../../Engine/Content/EngineDebugMaterials/M_VolumeRenderSphereTracePP.uexp" 233
"../../../Engine/Content/EngineMaterials/DefaultDiffuse.uasset" 234
"../../../Engine/Content/EngineMaterials/DefaultDiffuse.ubulk" 235
"../../../Engine/Content/EngineMaterials/DefaultDiffuse.uexp" 236
"../../../Engine/Content/EngineMaterials/DefaultDeferredDecalMaterial.uasset" 237
"../../../Engine/Content/EngineMaterials/DefaultDeferredDecalMaterial.uexp" 238
"../../../Engine/Content/EngineMaterials/DefaultLightFunctionMaterial.uasset" 239
"../../../Engine/Content/EngineMaterials/DefaultLightFunctionMaterial.uexp" 240
"../../../Engine/Content/Functions/Engine_MaterialFunctions02/Utility/BreakOutFloat2Components.uasset" 241
"../../../Engine/Content/Functions/Engine_MaterialFunctions02/Utility/BreakOutFloat2Components.uexp" 242
"../../../Engine/Content/EngineMaterials/DefaultPostProcessMaterial.uasset" 243
"../../../Engine/Content/EngineMaterials/DefaultPostProcessMaterial.uexp" 244
"../../../Engine/Content/EngineFonts/RobotoDistanceField.uasset" 245
"../../../Engine/Content/EngineFonts/RobotoDistanceField.uexp" 246
"../../../Engine/Content/EngineMaterials/DefaultTextMaterialOpaque.uasset" 247
"../../../Engine/Content/EngineMaterials/DefaultTextMaterialOpaque.uexp" 248
"../../../Engine/Content/EngineMaterials/DefaultWhiteGrid_Low.uasset" 249
"../../../Engine/Content/EngineMaterials/DefaultWhiteGrid_Low.uexp" 250
"../../../Engine/Content/EngineMaterials/EmissiveMeshMaterial.uasset" 251
"../../../Engine/Content/EngineMaterials/EmissiveMeshMaterial.uexp" 252
"../../../Engine/Content/EngineMaterials/BaseFlattenNormalMap.uasset" 253
"../../../Engine/Content/EngineMaterials/BaseFlattenNormalMap.uexp" 254
"../../../Engine/Content/EngineMaterials/BaseFlattenGrayscaleMap.uasset" 255
"../../../Engine/Content/EngineMaterials/BaseFlattenGrayscaleMap.uexp" 256
"../../../Engine/Content/EngineMaterials/BaseFlattenDiffuseMap.uasset" 257
"../../../Engine/Content/EngineMaterials/BaseFlattenDiffuseMap.uexp" 258
"../../../Engine/Content/Functions/Engine_MaterialFunctions02/PivotPainter2/Black_1x1_EXR_Texture.uasset" 259
"../../../Engine/Content/Functions/Engine_MaterialFunctions02/PivotPainter2/Black_1x1_EXR_Texture.uexp" 260
"../../../Engine/Content/EngineMaterials/BaseFlattenEmissiveMap.uasset" 261
"../../../Engine/Content/EngineMaterials/BaseFlattenEmissiveMap.uexp" 262
"../../../Engine/Content/EngineMaterials/BaseFlattenLinearColor.uasset" 263
"../../../Engine/Content/EngineMaterials/BaseFlattenLinearColor.uexp" 264
"../../../Engine/Content/EngineMaterials/FlattenMaterial.uasset" 265
"../../../Engine/Content/EngineMaterials/FlattenMaterial.uexp" 266
"../../../Engine/Content/EngineMaterials/BaseFlattenEmissiveMap_VT.uasset" 267
"../../../Engine/Content/EngineMaterials/BaseFlattenEmissiveMap_VT.uexp" 268
"../../../Engine/Content/EngineMaterials/BaseFlattenGrayscaleMap_VT.uasset" 269
"../../../Engine/Content/EngineMaterials/BaseFlattenGrayscaleMap_VT.uexp" 270
"../../../Engine/Content/EngineMaterials/BaseFlattenLinearColor_VT.uasset" 271
"../../../Engine/Content/EngineMaterials/BaseFlattenLinearColor_VT.uexp" 272
"../../../Engine/Content/EngineMaterials/Black_1x1_EXR_Texture_VT.uasset" 273
"../../../Engine/Content/EngineMaterials/Black_1x1_EXR_Texture_VT.uexp" 274
"../../../Engine/Content/EngineMaterials/BaseFlattenDiffuseMap_VT.uasset" 275
"../../../Engine/Content/EngineMaterials/BaseFlattenDiffuseMap_VT.uexp" 276
"../../../Engine/Content/EngineMaterials/BaseFlattenNormalMap_VT.uasset" 277
"../../../Engine/Content/EngineMaterials/BaseFlattenNormalMap_VT.uexp" 278
"../../../Engine/Content/EngineMaterials/FlattenMaterial_VT.uasset" 279
"../../../Engine/Content/EngineMaterials/FlattenMaterial_VT.uexp" 280
"../../../Engine/Content/EngineMaterials/FlattenMaterial_WS_Normal_VT.uasset" 281
"../../../Engine/Content/EngineMaterials/FlattenMaterial_WS_Normal_VT.uexp" 282
"../../../Engine/Content/EngineMaterials/GizmoMaterial.uasset" 283
"../../../Engine/Content/EngineMaterials/GizmoMaterial.uexp" 284
"../../../Engine/Content/EngineMaterials/InvalidLightmapSettings.uasset" 285
"../../../Engine/Content/EngineMaterials/InvalidLightmapSettings.ubulk" 286
"../../../Engine/Content/EngineMaterials/InvalidLightmapSettings.uexp" 287
"../../../Engine/Content/EngineMaterials/M_InvalidLightmapSettings.uasset" 288
"../../../Engine/Content/EngineMaterials/M_InvalidLightmapSettings.uexp" 289
"../../../Engine/Content/EngineMaterials/NaniteHiddenSectionMaterial.uasset" 290
"../../../Engine/Content/EngineMaterials/NaniteHiddenSectionMaterial.uexp" 291
"../../../Engine/Content/Functions/Engine_MaterialFunctions02/WorldPositionOffset/CameraOffset.uasset" 292
"../../../Engine/Content/Functions/Engine_MaterialFunctions02/WorldPositionOffset/CameraOffset.uexp" 293
"../../../Engine/Content/EngineMaterials/PhAT_JointLimitMaterial.uasset" 294
"../../../Engine/Content/EngineMaterials/PhAT_JointLimitMaterial.uexp" 295
"../../../Engine/Content/EngineMaterials/DefaultCalibrationColor.uasset" 296
"../../../Engine/Content/EngineMaterials/DefaultCalibrationColor.uexp" 297
"../../../Engine/Content/EngineMaterials/PPM_DefaultCalibrationColor.uasset" 298
"../../../Engine/Content/EngineMaterials/PPM_DefaultCalibrationColor.uexp" 299
"../../../Engine/Content/EngineMaterials/DefaultCalibrationGrayscale.uasset" 300
"../../../Engine/Content/EngineMaterials/DefaultCalibrationGrayscale.uexp" 301
"../../../Engine/Content/EngineMaterials/PPM_DefaultCalibrationGrayscale.uasset" 302
"../../../Engine/Content/EngineMaterials/PPM_DefaultCalibrationGrayscale.uexp" 303
"../../../Engine/Content/EngineMaterials/RemoveSurfaceMaterial.uasset" 304
"../../../Engine/Content/EngineMaterials/RemoveSurfaceMaterial.uexp" 305
"../../../Engine/Plugins/Animation/ControlRig/Content/Controls/ControlRigGizmoMaterial.uasset" 306
"../../../Engine/Plugins/Animation/ControlRig/Content/Controls/ControlRigGizmoMaterial.uexp" 307
"../../../Engine/Plugins/Animation/ControlRig/Content/Controls/ControlRigXRayMaterial.uasset" 308
"../../../Engine/Plugins/Animation/ControlRig/Content/Controls/ControlRigXRayMaterial.uexp" 309
"../../../Engine/Plugins/Editor/SpeedTreeImporter/Content/SpeedTree9/game_wind_noise.uasset" 310
"../../../Engine/Plugins/Editor/SpeedTreeImporter/Content/SpeedTree9/game_wind_noise.ubulk" 311
"../../../Engine/Plugins/Editor/SpeedTreeImporter/Content/SpeedTree9/game_wind_noise.uexp" 312
"../../../Engine/Plugins/Editor/SpeedTreeImporter/Content/SpeedTree9/UnpackDirection.uasset" 313
"../../../Engine/Plugins/Editor/SpeedTreeImporter/Content/SpeedTree9/UnpackDirection.uexp" 314
"../../../Engine/Content/Functions/Engine_MaterialFunctions02/ObjectLocalBounds.uasset" 315
"../../../Engine/Content/Functions/Engine_MaterialFunctions02/ObjectLocalBounds.uexp" 316
"../../../Engine/Content/Functions/Engine_MaterialFunctions02/Utility/BreakOutFloat3Components.uasset" 317
"../../../Engine/Content/Functions/Engine_MaterialFunctions02/Utility/BreakOutFloat3Components.uexp" 318
"../../../Engine/Content/Functions/Engine_MaterialFunctions02/UVs/BoundingBoxBased_0-1_UVW.uasset" 319
"../../../Engine/Content/Functions/Engine_MaterialFunctions02/UVs/BoundingBoxBased_0-1_UVW.uexp" 320
"../../../Engine/Plugins/Editor/SpeedTreeImporter/Content/SpeedTree9/SpeedTreeBillboard.uasset" 321
"../../../Engine/Plugins/Editor/SpeedTreeImporter/Content/SpeedTree9/SpeedTreeBillboard.uexp" 322
"../../../Engine/Content/Functions/Engine_MaterialFunctions02/Utility/VectorLength.uasset" 323
"../../../Engine/Content/Functions/Engine_MaterialFunctions02/Utility/VectorLength.uexp" 324
"../../../Engine/Plugins/Editor/SpeedTreeImporter/Content/SpeedTree9/UnpackInteger3.uasset" 325
"../../../Engine/Plugins/Editor/SpeedTreeImporter/Content/SpeedTree9/UnpackInteger3.uexp" 326
"../../../Engine/Content/Functions/Engine_MaterialFunctions02/WorldPositionOffset/ObjectScale.uasset" 327
"../../../Engine/Content/Functions/Engine_MaterialFunctions02/WorldPositionOffset/ObjectScale.uexp" 328
"../../../Engine/Content/Functions/Engine_MaterialFunctions02/SafeNormalize.uasset" 329
"../../../Engine/Content/Functions/Engine_MaterialFunctions02/SafeNormalize.uexp" 330
"../../../Engine/Plugins/Editor/SpeedTreeImporter/Content/SpeedTree9/SpeedTreeWindMotion.uasset" 331
"../../../Engine/Plugins/Editor/SpeedTreeImporter/Content/SpeedTree9/SpeedTreeWindMotion.uexp" 332
"../../../Engine/Plugins/Editor/SpeedTreeImporter/Content/SpeedTree9/SpeedTreeBranchMotion.uasset" 333
"../../../Engine/Plugins/Editor/SpeedTreeImporter/Content/SpeedTree9/SpeedTreeBranchMotion.uexp" 334
"../../../Engine/Plugins/Editor/SpeedTreeImporter/Content/SpeedTree9/SpeedTreeWind.uasset" 335
"../../../Engine/Plugins/Editor/SpeedTreeImporter/Content/SpeedTree9/SpeedTreeWind.uexp" 336
"../../../Engine/Plugins/Editor/SpeedTreeImporter/Content/SpeedTree9/EmptyNormal.uasset" 337
"../../../Engine/Plugins/Editor/SpeedTreeImporter/Content/SpeedTree9/EmptyNormal.uexp" 338
"../../../Engine/Plugins/Editor/SpeedTreeImporter/Content/SpeedTree9/Empty.uasset" 339
"../../../Engine/Plugins/Editor/SpeedTreeImporter/Content/SpeedTree9/Empty.uexp" 340
"../../../Engine/Plugins/Editor/SpeedTreeImporter/Content/SpeedTree9/SpeedTreeBillboardMaster.uasset" 341
"../../../Engine/Plugins/Editor/SpeedTreeImporter/Content/SpeedTree9/SpeedTreeBillboardMaster.uexp" 342
"../../../Engine/Plugins/Editor/SpeedTreeImporter/Content/SpeedTree9/SpeedTreeCameraFacing.uasset" 343
"../../../Engine/Plugins/Editor/SpeedTreeImporter/Content/SpeedTree9/SpeedTreeCameraFacing.uexp" 344
"../../../Engine/Plugins/Editor/SpeedTreeImporter/Content/SpeedTree9/SpeedTreeMaster.uasset" 345
"../../../Engine/Plugins/Editor/SpeedTreeImporter/Content/SpeedTree9/SpeedTreeMaster.uexp" 346
"../../../Engine/Plugins/Runtime/HairStrands/Content/Materials/HairCardsDefaultMaterial.uasset" 347
"../../../Engine/Plugins/Runtime/HairStrands/Content/Materials/HairCardsDefaultMaterial.uexp" 348
"../../../Engine/Plugins/Runtime/HairStrands/Content/Materials/HairGroupColors.uasset" 349
"../../../Engine/Plugins/Runtime/HairStrands/Content/Materials/HairGroupColors.uexp" 350
"../../../Engine/Content/Functions/Engine_MaterialFunctions02/Utility/MakeFloat2.uasset" 351
"../../../Engine/Content/Functions/Engine_MaterialFunctions02/Utility/MakeFloat2.uexp" 352
"../../../Engine/Content/Functions/Engine_MaterialFunctions02/Utility/MakeFloat3.uasset" 353
"../../../Engine/Content/Functions/Engine_MaterialFunctions02/Utility/MakeFloat3.uexp" 354
"../../../Engine/Content/EngineMaterials/HairColorMap.uasset" 355
"../../../Engine/Content/EngineMaterials/HairColorMap.uexp" 356
"../../../Engine/Content/EngineMaterials/HairDebugColor.uasset" 357
"../../../Engine/Content/EngineMaterials/HairDebugColor.uexp" 358
"../../../Engine/Plugins/Runtime/HairStrands/Content/Materials/HairDebugMaterial.uasset" 359
"../../../Engine/Plugins/Runtime/HairStrands/Content/Materials/HairDebugMaterial.uexp" 360
"../../../Engine/Plugins/Runtime/HairStrands/Content/Materials/HairDefaultMaterial.uasset" 361
"../../../Engine/Plugins/Runtime/HairStrands/Content/Materials/HairDefaultMaterial.uexp" 362
"../../../Engine/Plugins/Runtime/HairStrands/Content/Materials/HairMeshesDefaultMaterial.uasset" 363
"../../../Engine/Plugins/Runtime/HairStrands/Content/Materials/HairMeshesDefaultMaterial.uexp" 364
"../../../Engine/Plugins/Runtime/MeshModelingToolset/Content/Materials/M_DynamicMeshComponentVtxColor.uasset" 365
"../../../Engine/Plugins/Runtime/MeshModelingToolset/Content/Materials/M_DynamicMeshComponentVtxColor.uexp" 366
"../../../Engine/Plugins/Animation/ControlRig/Content/M_Manip.uasset" 367
"../../../Engine/Plugins/Animation/ControlRig/Content/M_Manip.uexp" 368
"../../../Engine/Content/EngineMeshes/Sphere.uasset" 369
"../../../Engine/Content/EngineMeshes/Sphere.ubulk" 370
"../../../Engine/Content/EngineMeshes/Sphere.uexp" 371
"../../../Engine/Content/EngineMaterials/T_Default_Material_Grid_M.uasset" 372
"../../../Engine/Content/EngineMaterials/T_Default_Material_Grid_M.ubulk" 373
"../../../Engine/Content/EngineMaterials/T_Default_Material_Grid_M.uexp" 374
"../../../Engine/Content/EngineMaterials/T_Default_Material_Grid_N.uasset" 375
"../../../Engine/Content/EngineMaterials/T_Default_Material_Grid_N.ubulk" 376
"../../../Engine/Content/EngineMaterials/T_Default_Material_Grid_N.uexp" 377
"../../../Engine/Content/Functions/Engine_MaterialFunctions01/Opacity/CameraDepthFade.uasset" 378
"../../../Engine/Content/Functions/Engine_MaterialFunctions01/Opacity/CameraDepthFade.uexp" 379
"../../../Engine/Content/EngineMaterials/WorldGridMaterial.uasset" 380
"../../../Engine/Content/EngineMaterials/WorldGridMaterial.uexp" 381
"../../../Engine/Content/ArtTools/RenderToTexture/Meshes/S_1_Unit_Plane.uasset" 382
"../../../Engine/Content/ArtTools/RenderToTexture/Meshes/S_1_Unit_Plane.ubulk" 383
"../../../Engine/Content/ArtTools/RenderToTexture/Meshes/S_1_Unit_Plane.uexp" 384
"../../../Engine/Content/EngineMaterials/Substrate/GLints/AGlintTex2dArray.uasset" 385
"../../../Engine/Content/EngineMaterials/Substrate/GLints/AGlintTex2dArray.uexp" 386
"../../../Engine/Content/EngineMaterials/Substrate/GLints2/AGlintTex2dArray2.uasset" 387
"../../../Engine/Content/EngineMaterials/Substrate/GLints2/AGlintTex2dArray2.uexp" 388
"../../../Engine/Content/EngineMaterials/DefaultMaterial.uasset" 389
"../../../Engine/Content/EngineMaterials/DefaultMaterial.uexp" 390
"../../../Engine/Content/BasicShapes/Cone.uasset" 391
"../../../Engine/Content/BasicShapes/Cone.ubulk" 392
"../../../Engine/Content/BasicShapes/Cone.uexp" 393
"../../../Engine/Content/BasicShapes/Cube.uasset" 394
"../../../Engine/Content/BasicShapes/Cube.ubulk" 395
"../../../Engine/Content/BasicShapes/Cube.uexp" 396
"../../../Engine/Content/BasicShapes/Cylinder.uasset" 397
"../../../Engine/Content/BasicShapes/Cylinder.ubulk" 398
"../../../Engine/Content/BasicShapes/Cylinder.uexp" 399
"../../../Engine/Content/BasicShapes/Sphere.uasset" 400
"../../../Engine/Content/BasicShapes/Sphere.ubulk" 401
"../../../Engine/Content/BasicShapes/Sphere.uexp" 402
"../../../Engine/Content/EditorLandscapeResources/SplineEditorMeshMat.uasset" 403
"../../../Engine/Content/EditorLandscapeResources/SplineEditorMeshMat.uexp" 404
"../../../Engine/Content/EditorLandscapeResources/SplineEditorMesh.uasset" 405
"../../../Engine/Content/EditorLandscapeResources/SplineEditorMesh.ubulk" 406
"../../../Engine/Content/EditorLandscapeResources/SplineEditorMesh.uexp" 407
"../../../Engine/Content/EditorMaterials/Camera/CineMat.uasset" 408
"../../../Engine/Content/EditorMaterials/Camera/CineMat.uexp" 409
"../../../Engine/Content/EditorMaterials/Camera/MI_CineMat_Rig.uasset" 410
"../../../Engine/Content/EditorMaterials/Camera/MI_CineMat_Rig.uexp" 411
"../../../Engine/Content/EditorMeshes/Camera/SM_CraneRig_Arm.uasset" 412
"../../../Engine/Content/EditorMeshes/Camera/SM_CraneRig_Arm.ubulk" 413
"../../../Engine/Content/EditorMeshes/Camera/SM_CraneRig_Arm.uexp" 414
"../../../Engine/Content/EditorMeshes/Camera/SM_CraneRig_Base.uasset" 415
"../../../Engine/Content/EditorMeshes/Camera/SM_CraneRig_Base.ubulk" 416
"../../../Engine/Content/EditorMeshes/Camera/SM_CraneRig_Base.uexp" 417
"../../../Engine/Content/EditorMeshes/Camera/SM_CraneRig_Body.uasset" 418
"../../../Engine/Content/EditorMeshes/Camera/SM_CraneRig_Body.ubulk" 419
"../../../Engine/Content/EditorMeshes/Camera/SM_CraneRig_Body.uexp" 420
"../../../Engine/Content/EditorMeshes/Camera/SM_CraneRig_Mount.uasset" 421
"../../../Engine/Content/EditorMeshes/Camera/SM_CraneRig_Mount.ubulk" 422
"../../../Engine/Content/EditorMeshes/Camera/SM_CraneRig_Mount.uexp" 423
"../../../Engine/Content/EditorMeshes/Camera/SM_RailRig_Mount.uasset" 424
"../../../Engine/Content/EditorMeshes/Camera/SM_RailRig_Mount.ubulk" 425
"../../../Engine/Content/EditorMeshes/Camera/SM_RailRig_Mount.uexp" 426
"../../../Engine/Content/EditorMeshes/Camera/SM_RailRig_Track.uasset" 427
"../../../Engine/Content/EditorMeshes/Camera/SM_RailRig_Track.ubulk" 428
"../../../Engine/Content/EditorMeshes/Camera/SM_RailRig_Track.uexp" 429
"../../../Engine/Content/EngineMaterials/WeightMapPlaceholderTexture.uasset" 430
"../../../Engine/Content/EngineMaterials/WeightMapPlaceholderTexture.uexp" 431
"../../../Engine/Content/EngineMaterials/WeightMapArrayPlaceholderTexture.uasset" 432
"../../../Engine/Content/EngineMaterials/WeightMapArrayPlaceholderTexture.uexp" 433
"../../../Engine/Content/EngineResources/WhiteSquareTexture.uasset" 434
"../../../Engine/Content/EngineResources/WhiteSquareTexture.uexp" 435
"../../../Engine/Content/EngineMaterials/Widget3DPassThrough.uasset" 436
"../../../Engine/Content/EngineMaterials/Widget3DPassThrough.uexp" 437
"../../../Engine/Content/EngineMaterials/Widget3DPassThrough_Masked.uasset" 438
"../../../Engine/Content/EngineMaterials/Widget3DPassThrough_Masked.uexp" 439
"../../../Engine/Content/EngineMaterials/Widget3DPassThrough_Opaque.uasset" 440
"../../../Engine/Content/EngineMaterials/Widget3DPassThrough_Opaque.uexp" 441
"../../../Engine/Content/EngineMaterials/Widget3DPassThrough_Masked_OneSided.uasset" 442
"../../../Engine/Content/EngineMaterials/Widget3DPassThrough_Masked_OneSided.uexp" 443
"../../../Engine/Content/EngineMaterials/Widget3DPassThrough_Opaque_OneSided.uasset" 444
"../../../Engine/Content/EngineMaterials/Widget3DPassThrough_Opaque_OneSided.uexp" 445
"../../../Engine/Content/EngineMaterials/Widget3DPassThrough_Translucent.uasset" 446
"../../../Engine/Content/EngineMaterials/Widget3DPassThrough_Translucent.uexp" 447
"../../../Engine/Content/EngineMaterials/Widget3DPassThrough_Translucent_OneSided.uasset" 448
"../../../Engine/Content/EngineMaterials/Widget3DPassThrough_Translucent_OneSided.uexp" 449
"../../../Engine/Content/EngineSky/VolumetricClouds/T_CloudMask.uasset" 450
"../../../Engine/Content/EngineSky/VolumetricClouds/T_CloudMask.ubulk" 451
"../../../Engine/Content/EngineSky/VolumetricClouds/T_CloudMask.uexp" 452
"../../../Engine/Content/EngineSky/VolumetricClouds/VT_Lightning.uasset" 453
"../../../Engine/Content/EngineSky/VolumetricClouds/VT_Lightning.uexp" 454
"../../../Engine/Content/EngineSky/VolumetricClouds/T_Profile_08.uasset" 455
"../../../Engine/Content/EngineSky/VolumetricClouds/T_Profile_08.ubulk" 456
"../../../Engine/Content/EngineSky/VolumetricClouds/T_Profile_08.uexp" 457
"../../../Engine/Content/Functions/Engine_MaterialFunctions02/Utility/MakeFloat4.uasset" 458
"../../../Engine/Content/Functions/Engine_MaterialFunctions02/Utility/MakeFloat4.uexp" 459
"../../../Engine/Content/Functions/Engine_MaterialFunctions01/Units/Km-to-Cm.uasset" 460
"../../../Engine/Content/Functions/Engine_MaterialFunctions01/Units/Km-to-Cm.uexp" 461
"../../../Engine/Content/Functions/Engine_MaterialFunctions02/Utility/BreakOutFloat4Components.uasset" 462
"../../../Engine/Content/Functions/Engine_MaterialFunctions02/Utility/BreakOutFloat4Components.uexp" 463
"../../../Engine/Content/EngineSky/VolumetricClouds/T_CloudPattern.uasset" 464
"../../../Engine/Content/EngineSky/VolumetricClouds/T_CloudPattern.ubulk" 465
"../../../Engine/Content/EngineSky/VolumetricClouds/T_CloudPattern.uexp" 466
"../../../Engine/Content/EngineSky/VolumetricClouds/VT_PerlinWorley_Balanced.uasset" 467
"../../../Engine/Content/EngineSky/VolumetricClouds/VT_PerlinWorley_Balanced.uexp" 468
"../../../Engine/Content/EngineSky/VolumetricClouds/m_SimpleVolumetricCloud.uasset" 469
"../../../Engine/Content/EngineSky/VolumetricClouds/m_SimpleVolumetricCloud.uexp" 470
"../../../Engine/Content/EngineSky/VolumetricClouds/m_SimpleVolumetricCloud_Inst.uasset" 471
"../../../Engine/Content/EngineSky/VolumetricClouds/m_SimpleVolumetricCloud_Inst.uexp" 472
"../../../Engine/Content/VREditor/LaserPointer/VR_LaserPower_01.uasset" 473
"../../../Engine/Content/VREditor/LaserPointer/VR_LaserPower_01.ubulk" 474
"../../../Engine/Content/VREditor/LaserPointer/VR_LaserPower_01.uexp" 475
"../../../Engine/Content/VREditor/TransformGizmo/TransformGizmoMaterial.uasset" 476
"../../../Engine/Content/VREditor/TransformGizmo/TransformGizmoMaterial.uexp" 477
"../../../Engine/Content/VREditor/TransformGizmo/TranslucentTransformGizmoMaterial.uasset" 478
"../../../Engine/Content/VREditor/TransformGizmo/TranslucentTransformGizmoMaterial.uexp" 479
"../../../Engine/Content/VREditor/TransformGizmo/BoundingBoxCorner.uasset" 480
"../../../Engine/Content/VREditor/TransformGizmo/BoundingBoxCorner.ubulk" 481
"../../../Engine/Content/VREditor/TransformGizmo/BoundingBoxCorner.uexp" 482
"../../../Engine/Content/VREditor/TransformGizmo/BoundingBoxEdge.uasset" 483
"../../../Engine/Content/VREditor/TransformGizmo/BoundingBoxEdge.ubulk" 484
"../../../Engine/Content/VREditor/TransformGizmo/BoundingBoxEdge.uexp" 485
"../../../Engine/Content/VREditor/TransformGizmo/Main.uasset" 486
"../../../Engine/Content/VREditor/TransformGizmo/Main.uexp" 487
"../../../Engine/Content/VREditor/TransformGizmo/Xray.uasset" 488
"../../../Engine/Content/VREditor/TransformGizmo/Xray.uexp" 489
"../../../Engine/Content/VREditor/TransformGizmo/SM_Sequencer_Node.uasset" 490
"../../../Engine/Content/VREditor/TransformGizmo/SM_Sequencer_Node.ubulk" 491
"../../../Engine/Content/VREditor/TransformGizmo/SM_Sequencer_Node.uexp" 492
"../../../Engine/Content/Functions/Engine_MaterialFunctions02/Math/Transform3x3Matrix.uasset" 493
"../../../Engine/Content/Functions/Engine_MaterialFunctions02/Math/Transform3x3Matrix.uexp" 494
"../../../Engine/Plugins/Interchange/Assets/Content/gltf/Textures/T_White_srgb.uasset" 495
"../../../Engine/Plugins/Interchange/Assets/Content/gltf/Textures/T_White_srgb.uexp" 496
"../../../Engine/Plugins/Interchange/Assets/Content/gltf/MaterialFunctions/MF_Specular.uasset" 497
"../../../Engine/Plugins/Interchange/Assets/Content/gltf/MaterialFunctions/MF_Specular.uexp" 498
"../../../Engine/Plugins/Interchange/Assets/Content/gltf/Textures/T_Anisotropy_Direction_Linear.uasset" 499
"../../../Engine/Plugins/Interchange/Assets/Content/gltf/Textures/T_Anisotropy_Direction_Linear.uexp" 500
"../../../Engine/Plugins/Interchange/Assets/Content/gltf/MaterialFunctions/MF_SpecularAnisotropy.uasset" 501
"../../../Engine/Plugins/Interchange/Assets/Content/gltf/MaterialFunctions/MF_SpecularAnisotropy.uexp" 502
"../../../Engine/Plugins/Interchange/Assets/Content/gltf/Textures/T_White_Linear.uasset" 503
"../../../Engine/Plugins/Interchange/Assets/Content/gltf/Textures/T_White_Linear.uexp" 504
"../../../Engine/Plugins/Interchange/Assets/Content/gltf/MaterialFunctions/MF_MetallicRoughness.uasset" 505
"../../../Engine/Plugins/Interchange/Assets/Content/gltf/MaterialFunctions/MF_MetallicRoughness.uexp" 506
"../../../Engine/Plugins/Interchange/Assets/Content/gltf/Textures/T_Generic_N.uasset" 507
"../../../Engine/Plugins/Interchange/Assets/Content/gltf/Textures/T_Generic_N.uexp" 508
"../../../Engine/Plugins/Interchange/Assets/Content/gltf/MaterialFunctions/MF_ScaleNormal.uasset" 509
"../../../Engine/Plugins/Interchange/Assets/Content/gltf/MaterialFunctions/MF_ScaleNormal.uexp" 510
"../../../Engine/Plugins/Interchange/Assets/Content/gltf/MaterialFunctions/MF_BaseColor.uasset" 511
"../../../Engine/Plugins/Interchange/Assets/Content/gltf/MaterialFunctions/MF_BaseColor.uexp" 512
"../../../Engine/Plugins/Interchange/Assets/Content/gltf/MaterialFunctions/MF_Iridescence.uasset" 513
"../../../Engine/Plugins/Interchange/Assets/Content/gltf/MaterialFunctions/MF_Iridescence.uexp" 514
"../../../Engine/Plugins/Interchange/Assets/Content/gltf/MaterialFunctions/MF_Occlusion.uasset" 515
"../../../Engine/Plugins/Interchange/Assets/Content/gltf/MaterialFunctions/MF_Occlusion.uexp" 516
"../../../Engine/Plugins/Interchange/Assets/Content/gltf/MaterialFunctions/MF_IOR.uasset" 517
"../../../Engine/Plugins/Interchange/Assets/Content/gltf/MaterialFunctions/MF_IOR.uexp" 518
"../../../Engine/Plugins/Interchange/Assets/Content/gltf/MaterialFunctions/MF_RotateV2.uasset" 519
"../../../Engine/Plugins/Interchange/Assets/Content/gltf/MaterialFunctions/MF_RotateV2.uexp" 520
"../../../Engine/Plugins/Interchange/Assets/Content/gltf/MaterialFunctions/MF_TransformUVs.uasset" 521
"../../../Engine/Plugins/Interchange/Assets/Content/gltf/MaterialFunctions/MF_TransformUVs.uexp" 522
"../../../Engine/Plugins/Interchange/Assets/Content/gltf/MaterialFunctions/MF_Emissive.uasset" 523
"../../../Engine/Plugins/Interchange/Assets/Content/gltf/MaterialFunctions/MF_Emissive.uexp" 524
"../../../Engine/Plugins/Interchange/Assets/Content/gltf/MaterialFunctions/MF_RotateNormals_TS.uasset" 525
"../../../Engine/Plugins/Interchange/Assets/Content/gltf/MaterialFunctions/MF_RotateNormals_TS.uexp" 526
"../../../Engine/Plugins/Interchange/Assets/Content/gltf/MaterialFunctions/MF_Normals.uasset" 527
"../../../Engine/Plugins/Interchange/Assets/Content/gltf/MaterialFunctions/MF_Normals.uexp" 528
"../../../Engine/Plugins/Interchange/Assets/Content/gltf/MaterialFunctions/MF_Sheen.uasset" 529
"../../../Engine/Plugins/Interchange/Assets/Content/gltf/MaterialFunctions/MF_Sheen.uexp" 530
"../../../Engine/Plugins/Interchange/Assets/Content/gltf/MaterialBodies/MF_Sheen_Body.uasset" 531
"../../../Engine/Plugins/Interchange/Assets/Content/gltf/MaterialBodies/MF_Sheen_Body.uexp" 532
"../../../Engine/Plugins/Interchange/Assets/Content/gltf/M_Sheen.uasset" 533
"../../../Engine/Plugins/Interchange/Assets/Content/gltf/M_Sheen.uexp" 534
"../../../Engine/Plugins/Interchange/Assets/Content/gltf/MaterialInstances/MI_Sheen_Blend.uasset" 535
"../../../Engine/Plugins/Interchange/Assets/Content/gltf/MaterialInstances/MI_Sheen_Blend.uexp" 536
"../../../Engine/Plugins/Animation/ControlRig/Content/Controls/ControlRig_Arrow2_1mm.uasset" 537
"../../../Engine/Plugins/Animation/ControlRig/Content/Controls/ControlRig_Arrow2_1mm.ubulk" 538
"../../../Engine/Plugins/Animation/ControlRig/Content/Controls/ControlRig_Arrow2_1mm.uexp" 539
"../../../Engine/Plugins/Animation/ControlRig/Content/Controls/ControlRig_Arrow2_3mm.uasset" 540
"../../../Engine/Plugins/Animation/ControlRig/Content/Controls/ControlRig_Arrow2_3mm.ubulk" 541
"../../../Engine/Plugins/Animation/ControlRig/Content/Controls/ControlRig_Arrow2_3mm.uexp" 542
"../../../Engine/Plugins/Animation/ControlRig/Content/Controls/ControlRig_Arrow2_solid.uasset" 543
"../../../Engine/Plugins/Animation/ControlRig/Content/Controls/ControlRig_Arrow2_solid.ubulk" 544
"../../../Engine/Plugins/Animation/ControlRig/Content/Controls/ControlRig_Arrow2_solid.uexp" 545
"../../../Engine/Plugins/Animation/ControlRig/Content/Controls/ControlRig_Arrow4_1mm.uasset" 546
"../../../Engine/Plugins/Animation/ControlRig/Content/Controls/ControlRig_Arrow4_1mm.ubulk" 547
"../../../Engine/Plugins/Animation/ControlRig/Content/Controls/ControlRig_Arrow4_1mm.uexp" 548
"../../../Engine/Plugins/Animation/ControlRig/Content/Controls/ControlRig_Arrow4_3mm.uasset" 549
"../../../Engine/Plugins/Animation/ControlRig/Content/Controls/ControlRig_Arrow4_3mm.ubulk" 550
"../../../Engine/Plugins/Animation/ControlRig/Content/Controls/ControlRig_Arrow4_3mm.uexp" 551
"../../../Engine/Plugins/Animation/ControlRig/Content/Controls/ControlRig_Arrow4_solid.uasset" 552
"../../../Engine/Plugins/Animation/ControlRig/Content/Controls/ControlRig_Arrow4_solid.ubulk" 553
"../../../Engine/Plugins/Animation/ControlRig/Content/Controls/ControlRig_Arrow4_solid.uexp" 554
"../../../Engine/Plugins/Animation/ControlRig/Content/Controls/ControlRig_Arrow_1mm.uasset" 555
"../../../Engine/Plugins/Animation/ControlRig/Content/Controls/ControlRig_Arrow_1mm.ubulk" 556
"../../../Engine/Plugins/Animation/ControlRig/Content/Controls/ControlRig_Arrow_1mm.uexp" 557
"../../../Engine/Plugins/Animation/ControlRig/Content/Controls/ControlRig_Arrow_3mm.uasset" 558
"../../../Engine/Plugins/Animation/ControlRig/Content/Controls/ControlRig_Arrow_3mm.ubulk" 559
"../../../Engine/Plugins/Animation/ControlRig/Content/Controls/ControlRig_Arrow_3mm.uexp" 560
"../../../Engine/Plugins/Animation/ControlRig/Content/Controls/ControlRig_Arrow_solid.uasset" 561
"../../../Engine/Plugins/Animation/ControlRig/Content/Controls/ControlRig_Arrow_solid.ubulk" 562
"../../../Engine/Plugins/Animation/ControlRig/Content/Controls/ControlRig_Arrow_solid.uexp" 563
"../../../Engine/Plugins/Animation/ControlRig/Content/Controls/ControlRig_Box_1mm.uasset" 564
"../../../Engine/Plugins/Animation/ControlRig/Content/Controls/ControlRig_Box_1mm.ubulk" 565
"../../../Engine/Plugins/Animation/ControlRig/Content/Controls/ControlRig_Box_1mm.uexp" 566
"../../../Engine/Plugins/Animation/ControlRig/Content/Controls/ControlRig_Box_3mm.uasset" 567
"../../../Engine/Plugins/Animation/ControlRig/Content/Controls/ControlRig_Box_3mm.ubulk" 568
"../../../Engine/Plugins/Animation/ControlRig/Content/Controls/ControlRig_Box_3mm.uexp" 569
"../../../Engine/Plugins/Animation/ControlRig/Content/Controls/ControlRig_Box_solid.uasset" 570
"../../../Engine/Plugins/Animation/ControlRig/Content/Controls/ControlRig_Box_solid.ubulk" 571
"../../../Engine/Plugins/Animation/ControlRig/Content/Controls/ControlRig_Box_solid.uexp" 572
"../../../Engine/Plugins/Animation/ControlRig/Content/Controls/ControlRig_Circle_1mm.uasset" 573
"../../../Engine/Plugins/Animation/ControlRig/Content/Controls/ControlRig_Circle_1mm.ubulk" 574
"../../../Engine/Plugins/Animation/ControlRig/Content/Controls/ControlRig_Circle_1mm.uexp" 575
"../../../Engine/Plugins/Animation/ControlRig/Content/Controls/ControlRig_Circle_3mm.uasset" 576
"../../../Engine/Plugins/Animation/ControlRig/Content/Controls/ControlRig_Circle_3mm.ubulk" 577
"../../../Engine/Plugins/Animation/ControlRig/Content/Controls/ControlRig_Circle_3mm.uexp" 578
"../../../Engine/Plugins/Animation/ControlRig/Content/Controls/ControlRig_Circle_solid.uasset" 579
"../../../Engine/Plugins/Animation/ControlRig/Content/Controls/ControlRig_Circle_solid.ubulk" 580
"../../../Engine/Plugins/Animation/ControlRig/Content/Controls/ControlRig_Circle_solid.uexp" 581
"../../../Engine/Plugins/Animation/ControlRig/Content/Controls/ControlRig_Diamond_1mm.uasset" 582
"../../../Engine/Plugins/Animation/ControlRig/Content/Controls/ControlRig_Diamond_1mm.ubulk" 583
"../../../Engine/Plugins/Animation/ControlRig/Content/Controls/ControlRig_Diamond_1mm.uexp" 584
"../../../Engine/Plugins/Animation/ControlRig/Content/Controls/ControlRig_Diamond_3mm.uasset" 585
"../../../Engine/Plugins/Animation/ControlRig/Content/Controls/ControlRig_Diamond_3mm.ubulk" 586
"../../../Engine/Plugins/Animation/ControlRig/Content/Controls/ControlRig_Diamond_3mm.uexp" 587
"../../../Engine/Plugins/Animation/ControlRig/Content/Controls/ControlRig_Diamond_solid.uasset" 588
"../../../Engine/Plugins/Animation/ControlRig/Content/Controls/ControlRig_Diamond_solid.ubulk" 589
"../../../Engine/Plugins/Animation/ControlRig/Content/Controls/ControlRig_Diamond_solid.uexp" 590
"../../../Engine/Plugins/Animation/ControlRig/Content/Controls/ControlRig_HalfCircle_1mm.uasset" 591
"../../../Engine/Plugins/Animation/ControlRig/Content/Controls/ControlRig_HalfCircle_1mm.ubulk" 592
"../../../Engine/Plugins/Animation/ControlRig/Content/Controls/ControlRig_HalfCircle_1mm.uexp" 593
"../../../Engine/Plugins/Animation/ControlRig/Content/Controls/ControlRig_HalfCircle_3mm.uasset" 594
"../../../Engine/Plugins/Animation/ControlRig/Content/Controls/ControlRig_HalfCircle_3mm.ubulk" 595
"../../../Engine/Plugins/Animation/ControlRig/Content/Controls/ControlRig_HalfCircle_3mm.uexp" 596
"../../../Engine/Plugins/Animation/ControlRig/Content/Controls/ControlRig_HalfCircle_solid.uasset" 597
"../../../Engine/Plugins/Animation/ControlRig/Content/Controls/ControlRig_HalfCircle_solid.ubulk" 598
"../../../Engine/Plugins/Animation/ControlRig/Content/Controls/ControlRig_HalfCircle_solid.uexp" 599
"../../../Engine/Plugins/Animation/ControlRig/Content/Controls/ControlRig_Hexagon_1mm.uasset" 600
"../../../Engine/Plugins/Animation/ControlRig/Content/Controls/ControlRig_Hexagon_1mm.ubulk" 601
"../../../Engine/Plugins/Animation/ControlRig/Content/Controls/ControlRig_Hexagon_1mm.uexp" 602
"../../../Engine/Plugins/Animation/ControlRig/Content/Controls/ControlRig_Hexagon_3mm.uasset" 603
"../../../Engine/Plugins/Animation/ControlRig/Content/Controls/ControlRig_Hexagon_3mm.ubulk" 604
"../../../Engine/Plugins/Animation/ControlRig/Content/Controls/ControlRig_Hexagon_3mm.uexp" 605
"../../../Engine/Plugins/Animation/ControlRig/Content/Controls/ControlRig_Hexagon_solid.uasset" 606
"../../../Engine/Plugins/Animation/ControlRig/Content/Controls/ControlRig_Hexagon_solid.ubulk" 607
"../../../Engine/Plugins/Animation/ControlRig/Content/Controls/ControlRig_Hexagon_solid.uexp" 608
"../../../Engine/Plugins/Animation/ControlRig/Content/Controls/ControlRig_Octagon_1mm.uasset" 609
"../../../Engine/Plugins/Animation/ControlRig/Content/Controls/ControlRig_Octagon_1mm.ubulk" 610
"../../../Engine/Plugins/Animation/ControlRig/Content/Controls/ControlRig_Octagon_1mm.uexp" 611
"../../../Engine/Plugins/Animation/ControlRig/Content/Controls/ControlRig_Octagon_3mm.uasset" 612
"../../../Engine/Plugins/Animation/ControlRig/Content/Controls/ControlRig_Octagon_3mm.ubulk" 613
"../../../Engine/Plugins/Animation/ControlRig/Content/Controls/ControlRig_Octagon_3mm.uexp" 614
"../../../Engine/Plugins/Animation/ControlRig/Content/Controls/ControlRig_Octagon_solid.uasset" 615
"../../../Engine/Plugins/Animation/ControlRig/Content/Controls/ControlRig_Octagon_solid.ubulk" 616
"../../../Engine/Plugins/Animation/ControlRig/Content/Controls/ControlRig_Octagon_solid.uexp" 617
"../../../Engine/Plugins/Animation/ControlRig/Content/Controls/ControlRig_Pyramid_1mm.uasset" 618
"../../../Engine/Plugins/Animation/ControlRig/Content/Controls/ControlRig_Pyramid_1mm.ubulk" 619
"../../../Engine/Plugins/Animation/ControlRig/Content/Controls/ControlRig_Pyramid_1mm.uexp" 620
"../../../Engine/Plugins/Animation/ControlRig/Content/Controls/ControlRig_Pyramid_3mm.uasset" 621
"../../../Engine/Plugins/Animation/ControlRig/Content/Controls/ControlRig_Pyramid_3mm.ubulk" 622
"../../../Engine/Plugins/Animation/ControlRig/Content/Controls/ControlRig_Pyramid_3mm.uexp" 623
"../../../Engine/Plugins/Animation/ControlRig/Content/Controls/ControlRig_Pyramid_solid.uasset" 624
"../../../Engine/Plugins/Animation/ControlRig/Content/Controls/ControlRig_Pyramid_solid.ubulk" 625
"../../../Engine/Plugins/Animation/ControlRig/Content/Controls/ControlRig_Pyramid_solid.uexp" 626
"../../../Engine/Plugins/Animation/ControlRig/Content/Controls/ControlRig_QuarterCircle_1mm.uasset" 627
"../../../Engine/Plugins/Animation/ControlRig/Content/Controls/ControlRig_QuarterCircle_1mm.ubulk" 628
"../../../Engine/Plugins/Animation/ControlRig/Content/Controls/ControlRig_QuarterCircle_1mm.uexp" 629
"../../../Engine/Plugins/Animation/ControlRig/Content/Controls/ControlRig_QuarterCircle_3mm.uasset" 630
"../../../Engine/Plugins/Animation/ControlRig/Content/Controls/ControlRig_QuarterCircle_3mm.ubulk" 631
"../../../Engine/Plugins/Animation/ControlRig/Content/Controls/ControlRig_QuarterCircle_3mm.uexp" 632
"../../../Engine/Plugins/Animation/ControlRig/Content/Controls/ControlRig_QuarterCircle_solid.uasset" 633
"../../../Engine/Plugins/Animation/ControlRig/Content/Controls/ControlRig_QuarterCircle_solid.ubulk" 634
"../../../Engine/Plugins/Animation/ControlRig/Content/Controls/ControlRig_QuarterCircle_solid.uexp" 635
"../../../Engine/Plugins/Animation/ControlRig/Content/Controls/ControlRig_RoundedSquare_1mm.uasset" 636
"../../../Engine/Plugins/Animation/ControlRig/Content/Controls/ControlRig_RoundedSquare_1mm.ubulk" 637
"../../../Engine/Plugins/Animation/ControlRig/Content/Controls/ControlRig_RoundedSquare_1mm.uexp" 638
"../../../Engine/Plugins/Animation/ControlRig/Content/Controls/ControlRig_RoundedSquare_3mm.uasset" 639
"../../../Engine/Plugins/Animation/ControlRig/Content/Controls/ControlRig_RoundedSquare_3mm.ubulk" 640
"../../../Engine/Plugins/Animation/ControlRig/Content/Controls/ControlRig_RoundedSquare_3mm.uexp" 641
"../../../Engine/Plugins/Animation/ControlRig/Content/Controls/ControlRig_RoundedSquare_solid.uasset" 642
"../../../Engine/Plugins/Animation/ControlRig/Content/Controls/ControlRig_RoundedSquare_solid.ubulk" 643
"../../../Engine/Plugins/Animation/ControlRig/Content/Controls/ControlRig_RoundedSquare_solid.uexp" 644
"../../../Engine/Plugins/Animation/ControlRig/Content/Controls/ControlRig_RoundedTriangle_1mm.uasset" 645
"../../../Engine/Plugins/Animation/ControlRig/Content/Controls/ControlRig_RoundedTriangle_1mm.ubulk" 646
"../../../Engine/Plugins/Animation/ControlRig/Content/Controls/ControlRig_RoundedTriangle_1mm.uexp" 647
"../../../Engine/Plugins/Animation/ControlRig/Content/Controls/ControlRig_RoundedTriangle_3mm.uasset" 648
"../../../Engine/Plugins/Animation/ControlRig/Content/Controls/ControlRig_RoundedTriangle_3mm.ubulk" 649
"../../../Engine/Plugins/Animation/ControlRig/Content/Controls/ControlRig_RoundedTriangle_3mm.uexp" 650
"../../../Engine/Plugins/Animation/ControlRig/Content/Controls/ControlRig_RoundedTriangle_solid.uasset" 651
"../../../Engine/Plugins/Animation/ControlRig/Content/Controls/ControlRig_RoundedTriangle_solid.ubulk" 652
"../../../Engine/Plugins/Animation/ControlRig/Content/Controls/ControlRig_RoundedTriangle_solid.uexp" 653
"../../../Engine/Plugins/Animation/ControlRig/Content/Controls/ControlRig_Sphere_1mm.uasset" 654
"../../../Engine/Plugins/Animation/ControlRig/Content/Controls/ControlRig_Sphere_1mm.ubulk" 655
"../../../Engine/Plugins/Animation/ControlRig/Content/Controls/ControlRig_Sphere_1mm.uexp" 656
"../../../Engine/Plugins/Animation/ControlRig/Content/Controls/ControlRig_Sphere_3mm.uasset" 657
"../../../Engine/Plugins/Animation/ControlRig/Content/Controls/ControlRig_Sphere_3mm.ubulk" 658
"../../../Engine/Plugins/Animation/ControlRig/Content/Controls/ControlRig_Sphere_3mm.uexp" 659
"../../../Engine/Plugins/Animation/ControlRig/Content/Controls/ControlRig_Sphere_solid.uasset" 660
"../../../Engine/Plugins/Animation/ControlRig/Content/Controls/ControlRig_Sphere_solid.ubulk" 661
"../../../Engine/Plugins/Animation/ControlRig/Content/Controls/ControlRig_Sphere_solid.uexp" 662
"../../../Engine/Plugins/Animation/ControlRig/Content/Controls/ControlRig_Square_1mm.uasset" 663
"../../../Engine/Plugins/Animation/ControlRig/Content/Controls/ControlRig_Square_1mm.ubulk" 664
"../../../Engine/Plugins/Animation/ControlRig/Content/Controls/ControlRig_Square_1mm.uexp" 665
"../../../Engine/Plugins/Animation/ControlRig/Content/Controls/ControlRig_Square_3mm.uasset" 666
"../../../Engine/Plugins/Animation/ControlRig/Content/Controls/ControlRig_Square_3mm.ubulk" 667
"../../../Engine/Plugins/Animation/ControlRig/Content/Controls/ControlRig_Square_3mm.uexp" 668
"../../../Engine/Plugins/Animation/ControlRig/Content/Controls/ControlRig_Square_solid.uasset" 669
"../../../Engine/Plugins/Animation/ControlRig/Content/Controls/ControlRig_Square_solid.ubulk" 670
"../../../Engine/Plugins/Animation/ControlRig/Content/Controls/ControlRig_Square_solid.uexp" 671
"../../../Engine/Plugins/Animation/ControlRig/Content/Controls/ControlRig_Star4_1mm.uasset" 672
"../../../Engine/Plugins/Animation/ControlRig/Content/Controls/ControlRig_Star4_1mm.ubulk" 673
"../../../Engine/Plugins/Animation/ControlRig/Content/Controls/ControlRig_Star4_1mm.uexp" 674
"../../../Engine/Plugins/Animation/ControlRig/Content/Controls/ControlRig_Star4_3mm.uasset" 675
"../../../Engine/Plugins/Animation/ControlRig/Content/Controls/ControlRig_Star4_3mm.ubulk" 676
"../../../Engine/Plugins/Animation/ControlRig/Content/Controls/ControlRig_Star4_3mm.uexp" 677
"../../../Engine/Plugins/Animation/ControlRig/Content/Controls/ControlRig_Star4_solid.uasset" 678
"../../../Engine/Plugins/Animation/ControlRig/Content/Controls/ControlRig_Star4_solid.ubulk" 679
"../../../Engine/Plugins/Animation/ControlRig/Content/Controls/ControlRig_Star4_solid.uexp" 680
"../../../Engine/Plugins/Animation/ControlRig/Content/Controls/ControlRig_Triangle_1mm.uasset" 681
"../../../Engine/Plugins/Animation/ControlRig/Content/Controls/ControlRig_Triangle_1mm.ubulk" 682
"../../../Engine/Plugins/Animation/ControlRig/Content/Controls/ControlRig_Triangle_1mm.uexp" 683
"../../../Engine/Plugins/Animation/ControlRig/Content/Controls/ControlRig_Triangle_3mm.uasset" 684
"../../../Engine/Plugins/Animation/ControlRig/Content/Controls/ControlRig_Triangle_3mm.ubulk" 685
"../../../Engine/Plugins/Animation/ControlRig/Content/Controls/ControlRig_Triangle_3mm.uexp" 686
"../../../Engine/Plugins/Animation/ControlRig/Content/Controls/ControlRig_Triangle_solid.uasset" 687
"../../../Engine/Plugins/Animation/ControlRig/Content/Controls/ControlRig_Triangle_solid.ubulk" 688
"../../../Engine/Plugins/Animation/ControlRig/Content/Controls/ControlRig_Triangle_solid.uexp" 689
"../../../Engine/Plugins/Animation/ControlRig/Content/Controls/ControlRig_Wedge_1mm.uasset" 690
"../../../Engine/Plugins/Animation/ControlRig/Content/Controls/ControlRig_Wedge_1mm.ubulk" 691
"../../../Engine/Plugins/Animation/ControlRig/Content/Controls/ControlRig_Wedge_1mm.uexp" 692
"../../../Engine/Plugins/Animation/ControlRig/Content/Controls/ControlRig_Wedge_3mm.uasset" 693
"../../../Engine/Plugins/Animation/ControlRig/Content/Controls/ControlRig_Wedge_3mm.ubulk" 694
"../../../Engine/Plugins/Animation/ControlRig/Content/Controls/ControlRig_Wedge_3mm.uexp" 695
"../../../Engine/Plugins/Animation/ControlRig/Content/Controls/ControlRig_Wedge_solid.uasset" 696
"../../../Engine/Plugins/Animation/ControlRig/Content/Controls/ControlRig_Wedge_solid.ubulk" 697
"../../../Engine/Plugins/Animation/ControlRig/Content/Controls/ControlRig_Wedge_solid.uexp" 698
"../../../Engine/Content/Functions/Engine_MaterialFunctions01/Texturing/FlattenNormal.uasset" 699
"../../../Engine/Content/Functions/Engine_MaterialFunctions01/Texturing/FlattenNormal.uexp" 700
"../../../Engine/Plugins/Interchange/Assets/Content/gltf/MaterialFunctions/MF_Clearcoat.uasset" 701
"../../../Engine/Plugins/Interchange/Assets/Content/gltf/MaterialFunctions/MF_Clearcoat.uexp" 702
"../../../Engine/Plugins/Interchange/Assets/Content/gltf/MaterialBodies/MF_ClearCoat_Body.uasset" 703
"../../../Engine/Plugins/Interchange/Assets/Content/gltf/MaterialBodies/MF_ClearCoat_Body.uexp" 704
"../../../Engine/Plugins/Interchange/Assets/Content/gltf/M_ClearCoat.uasset" 705
"../../../Engine/Plugins/Interchange/Assets/Content/gltf/M_ClearCoat.uexp" 706
"../../../Engine/Plugins/Interchange/Assets/Content/gltf/MaterialInstances/MI_ClearCoat_Blend.uasset" 707
"../../../Engine/Plugins/Interchange/Assets/Content/gltf/MaterialInstances/MI_ClearCoat_Blend.uexp" 708
"../../../Engine/Plugins/Interchange/Assets/Content/gltf/MaterialInstances/MI_ClearCoat_Blend_DS.uasset" 709
"../../../Engine/Plugins/Interchange/Assets/Content/gltf/MaterialInstances/MI_ClearCoat_Blend_DS.uexp" 710
"../../../Engine/Plugins/Interchange/Assets/Content/gltf/MaterialInstances/MI_ClearCoat_Mask.uasset" 711
"../../../Engine/Plugins/Interchange/Assets/Content/gltf/MaterialInstances/MI_ClearCoat_Mask.uexp" 712
"../../../Engine/Plugins/Interchange/Assets/Content/gltf/MaterialInstances/MI_ClearCoat_Mask_DS.uasset" 713
"../../../Engine/Plugins/Interchange/Assets/Content/gltf/MaterialInstances/MI_ClearCoat_Mask_DS.uexp" 714
"../../../Engine/Plugins/Interchange/Assets/Content/gltf/MaterialInstances/MI_ClearCoat_Opaque.uasset" 715
"../../../Engine/Plugins/Interchange/Assets/Content/gltf/MaterialInstances/MI_ClearCoat_Opaque.uexp" 716
"../../../Engine/Plugins/Interchange/Assets/Content/gltf/MaterialInstances/MI_ClearCoat_Opaque_DS.uasset" 717
"../../../Engine/Plugins/Interchange/Assets/Content/gltf/MaterialInstances/MI_ClearCoat_Opaque_DS.uexp" 718
"../../../Engine/Plugins/Interchange/Assets/Content/gltf/MaterialBodies/MF_Default_Body.uasset" 719
"../../../Engine/Plugins/Interchange/Assets/Content/gltf/MaterialBodies/MF_Default_Body.uexp" 720
"../../../Engine/Plugins/Interchange/Assets/Content/gltf/M_Default.uasset" 721
"../../../Engine/Plugins/Interchange/Assets/Content/gltf/M_Default.uexp" 722
"../../../Engine/Plugins/Interchange/Assets/Content/gltf/MaterialInstances/MI_Default_Blend.uasset" 723
"../../../Engine/Plugins/Interchange/Assets/Content/gltf/MaterialInstances/MI_Default_Blend.uexp" 724
"../../../Engine/Plugins/Interchange/Assets/Content/gltf/MaterialInstances/MI_Default_Blend_DS.uasset" 725
"../../../Engine/Plugins/Interchange/Assets/Content/gltf/MaterialInstances/MI_Default_Blend_DS.uexp" 726
"../../../Engine/Plugins/Interchange/Assets/Content/gltf/MaterialInstances/MI_Default_Mask.uasset" 727
"../../../Engine/Plugins/Interchange/Assets/Content/gltf/MaterialInstances/MI_Default_Mask.uexp" 728
"../../../Engine/Plugins/Interchange/Assets/Content/gltf/MaterialInstances/MI_Default_Mask_DS.uasset" 729
"../../../Engine/Plugins/Interchange/Assets/Content/gltf/MaterialInstances/MI_Default_Mask_DS.uexp" 730
"../../../Engine/Plugins/Interchange/Assets/Content/gltf/MaterialInstances/MI_Default_Opaque.uasset" 731
"../../../Engine/Plugins/Interchange/Assets/Content/gltf/MaterialInstances/MI_Default_Opaque.uexp" 732
"../../../Engine/Plugins/Interchange/Assets/Content/gltf/MaterialInstances/MI_Default_Opaque_DS.uasset" 733
"../../../Engine/Plugins/Interchange/Assets/Content/gltf/MaterialInstances/MI_Default_Opaque_DS.uexp" 734
"../../../Engine/Plugins/Interchange/Assets/Content/gltf/MaterialInstances/MI_Sheen_Blend_DS.uasset" 735
"../../../Engine/Plugins/Interchange/Assets/Content/gltf/MaterialInstances/MI_Sheen_Blend_DS.uexp" 736
"../../../Engine/Plugins/Interchange/Assets/Content/gltf/MaterialInstances/MI_Sheen_Mask.uasset" 737
"../../../Engine/Plugins/Interchange/Assets/Content/gltf/MaterialInstances/MI_Sheen_Mask.uexp" 738
"../../../Engine/Plugins/Interchange/Assets/Content/gltf/MaterialInstances/MI_Sheen_Mask_DS.uasset" 739
"../../../Engine/Plugins/Interchange/Assets/Content/gltf/MaterialInstances/MI_Sheen_Mask_DS.uexp" 740
"../../../Engine/Plugins/Interchange/Assets/Content/gltf/MaterialInstances/MI_Sheen_Opaque.uasset" 741
"../../../Engine/Plugins/Interchange/Assets/Content/gltf/MaterialInstances/MI_Sheen_Opaque.uexp" 742
"../../../Engine/Plugins/Interchange/Assets/Content/gltf/MaterialInstances/MI_Sheen_Opaque_DS.uasset" 743
"../../../Engine/Plugins/Interchange/Assets/Content/gltf/MaterialInstances/MI_Sheen_Opaque_DS.uexp" 744
"../../../Engine/Content/Functions/Engine_MaterialFunctions02/Math/AddComponents.uasset" 745
"../../../Engine/Content/Functions/Engine_MaterialFunctions02/Math/AddComponents.uexp" 746
"../../../Engine/Plugins/Interchange/Assets/Content/gltf/MaterialFunctions/MF_DiffuseSpecGloss.uasset" 747
"../../../Engine/Plugins/Interchange/Assets/Content/gltf/MaterialFunctions/MF_DiffuseSpecGloss.uexp" 748
"../../../Engine/Plugins/Interchange/Assets/Content/gltf/MaterialFunctions/MF_PerceivedBrightness.uasset" 749
"../../../Engine/Plugins/Interchange/Assets/Content/gltf/MaterialFunctions/MF_PerceivedBrightness.uexp" 750
"../../../Engine/Plugins/Interchange/Assets/Content/gltf/MaterialFunctions/MF_SpecGlossToMetalRoughness.uasset" 751
"../../../Engine/Plugins/Interchange/Assets/Content/gltf/MaterialFunctions/MF_SpecGlossToMetalRoughness.uexp" 752
"../../../Engine/Plugins/Interchange/Assets/Content/gltf/MaterialFunctions/MF_MaxComponentValue.uasset" 753
"../../../Engine/Plugins/Interchange/Assets/Content/gltf/MaterialFunctions/MF_MaxComponentValue.uexp" 754
"../../../Engine/Plugins/Interchange/Assets/Content/gltf/MaterialBodies/MF_SpecularGlossiness_Body.uasset" 755
"../../../Engine/Plugins/Interchange/Assets/Content/gltf/MaterialBodies/MF_SpecularGlossiness_Body.uexp" 756
"../../../Engine/Plugins/Interchange/Assets/Content/gltf/M_SpecularGlossiness.uasset" 757
"../../../Engine/Plugins/Interchange/Assets/Content/gltf/M_SpecularGlossiness.uexp" 758
"../../../Engine/Plugins/Interchange/Assets/Content/gltf/MaterialInstances/MI_SpecularGlossiness_Blend.uasset" 759
"../../../Engine/Plugins/Interchange/Assets/Content/gltf/MaterialInstances/MI_SpecularGlossiness_Blend.uexp" 760
"../../../Engine/Plugins/Interchange/Assets/Content/gltf/MaterialInstances/MI_SpecularGlossiness_Blend_DS.uasset" 761
"../../../Engine/Plugins/Interchange/Assets/Content/gltf/MaterialInstances/MI_SpecularGlossiness_Blend_DS.uexp" 762
"../../../Engine/Plugins/Interchange/Assets/Content/gltf/MaterialInstances/MI_SpecularGlossiness_Mask.uasset" 763
"../../../Engine/Plugins/Interchange/Assets/Content/gltf/MaterialInstances/MI_SpecularGlossiness_Mask.uexp" 764
"../../../Engine/Plugins/Interchange/Assets/Content/gltf/MaterialInstances/MI_SpecularGlossiness_Mask_DS.uasset" 765
"../../../Engine/Plugins/Interchange/Assets/Content/gltf/MaterialInstances/MI_SpecularGlossiness_Mask_DS.uexp" 766
"../../../Engine/Plugins/Interchange/Assets/Content/gltf/MaterialInstances/MI_SpecularGlossiness_Opaque.uasset" 767
"../../../Engine/Plugins/Interchange/Assets/Content/gltf/MaterialInstances/MI_SpecularGlossiness_Opaque.uexp" 768
"../../../Engine/Plugins/Interchange/Assets/Content/gltf/MaterialInstances/MI_SpecularGlossiness_Opaque_DS.uasset" 769
"../../../Engine/Plugins/Interchange/Assets/Content/gltf/MaterialInstances/MI_SpecularGlossiness_Opaque_DS.uexp" 770
"../../../Engine/Content/EngineMaterials/Good64x64TilingNoiseHighFreq.uasset" 771
"../../../Engine/Content/EngineMaterials/Good64x64TilingNoiseHighFreq.uexp" 772
"../../../Engine/Content/Functions/Engine_MaterialFunctions02/Texturing/ScreenAlignedPixelToPixelUVs.uasset" 773
"../../../Engine/Content/Functions/Engine_MaterialFunctions02/Texturing/ScreenAlignedPixelToPixelUVs.uexp" 774
"../../../Engine/Plugins/Interchange/Assets/Content/gltf/MaterialFunctions/MF_Temporal_Blur.uasset" 775
"../../../Engine/Plugins/Interchange/Assets/Content/gltf/MaterialFunctions/MF_Temporal_Blur.uexp" 776
"../../../Engine/Plugins/Interchange/Assets/Content/gltf/MaterialFunctions/MF_Fresnel_DS.uasset" 777
"../../../Engine/Plugins/Interchange/Assets/Content/gltf/MaterialFunctions/MF_Fresnel_DS.uexp" 778
"../../../Engine/Plugins/Interchange/Assets/Content/gltf/MaterialFunctions/MF_Transmission.uasset" 779
"../../../Engine/Plugins/Interchange/Assets/Content/gltf/MaterialFunctions/MF_Transmission.uexp" 780
"../../../Engine/Plugins/Interchange/Assets/Content/gltf/MaterialBodies/MF_Transmission_Body.uasset" 781
"../../../Engine/Plugins/Interchange/Assets/Content/gltf/MaterialBodies/MF_Transmission_Body.uexp" 782
"../../../Engine/Plugins/Interchange/Assets/Content/gltf/M_Transmission.uasset" 783
"../../../Engine/Plugins/Interchange/Assets/Content/gltf/M_Transmission.uexp" 784
"../../../Engine/Plugins/Interchange/Assets/Content/gltf/MaterialInstances/MI_Transmission.uasset" 785
"../../../Engine/Plugins/Interchange/Assets/Content/gltf/MaterialInstances/MI_Transmission.uexp" 786
"../../../Engine/Plugins/Interchange/Assets/Content/gltf/MaterialInstances/MI_Transmission_DS.uasset" 787
"../../../Engine/Plugins/Interchange/Assets/Content/gltf/MaterialInstances/MI_Transmission_DS.uexp" 788
"../../../Engine/Plugins/Interchange/Assets/Content/gltf/MaterialBodies/MF_Unlit_Body.uasset" 789
"../../../Engine/Plugins/Interchange/Assets/Content/gltf/MaterialBodies/MF_Unlit_Body.uexp" 790
"../../../Engine/Plugins/Interchange/Assets/Content/gltf/M_Unlit.uasset" 791
"../../../Engine/Plugins/Interchange/Assets/Content/gltf/M_Unlit.uexp" 792
"../../../Engine/Plugins/Interchange/Assets/Content/gltf/MaterialInstances/MI_Unlit_Blend.uasset" 793
"../../../Engine/Plugins/Interchange/Assets/Content/gltf/MaterialInstances/MI_Unlit_Blend.uexp" 794
"../../../Engine/Plugins/Interchange/Assets/Content/gltf/MaterialInstances/MI_Unlit_Blend_DS.uasset" 795
"../../../Engine/Plugins/Interchange/Assets/Content/gltf/MaterialInstances/MI_Unlit_Blend_DS.uexp" 796
"../../../Engine/Plugins/Interchange/Assets/Content/gltf/MaterialInstances/MI_Unlit_Mask.uasset" 797
"../../../Engine/Plugins/Interchange/Assets/Content/gltf/MaterialInstances/MI_Unlit_Mask.uexp" 798
"../../../Engine/Plugins/Interchange/Assets/Content/gltf/MaterialInstances/MI_Unlit_Mask_DS.uasset" 799
"../../../Engine/Plugins/Interchange/Assets/Content/gltf/MaterialInstances/MI_Unlit_Mask_DS.uexp" 800
"../../../Engine/Plugins/Interchange/Assets/Content/gltf/MaterialInstances/MI_Unlit_Opaque.uasset" 801
"../../../Engine/Plugins/Interchange/Assets/Content/gltf/MaterialInstances/MI_Unlit_Opaque.uexp" 802
"../../../Engine/Plugins/Interchange/Assets/Content/gltf/MaterialInstances/MI_Unlit_Opaque_DS.uasset" 803
"../../../Engine/Plugins/Interchange/Assets/Content/gltf/MaterialInstances/MI_Unlit_Opaque_DS.uexp" 804
"../../../Engine/Content/Functions/Engine_MaterialFunctions02/Texturing/CustomRotator.uasset" 805
"../../../Engine/Content/Functions/Engine_MaterialFunctions02/Texturing/CustomRotator.uexp" 806
"../../../Engine/Content/Functions/Engine_MaterialFunctions01/Texturing/ScaleUVsByCenter.uasset" 807
"../../../Engine/Content/Functions/Engine_MaterialFunctions01/Texturing/ScaleUVsByCenter.uexp" 808
"../../../Engine/Content/Functions/Engine_MaterialFunctions01/Gradient/GeneratedRoundRect.uasset" 809
"../../../Engine/Content/Functions/Engine_MaterialFunctions01/Gradient/GeneratedRoundRect.uexp" 810
"../../../Engine/Content/Functions/Engine_MaterialFunctions01/Gradient/SphereGradient-2D.uasset" 811
"../../../Engine/Content/Functions/Engine_MaterialFunctions01/Gradient/SphereGradient-2D.uexp" 812
"../../../Engine/Plugins/Runtime/AudioWidgets/Content/AudioMaterialSlate/Functions/MF_DotOutlined.uasset" 813
"../../../Engine/Plugins/Runtime/AudioWidgets/Content/AudioMaterialSlate/Functions/MF_DotOutlined.uexp" 814
"../../../Engine/Plugins/Runtime/AudioWidgets/Content/AudioMaterialSlate/M_AudioMaterialEnvelope_ADSR.uasset" 815
"../../../Engine/Plugins/Runtime/AudioWidgets/Content/AudioMaterialSlate/M_AudioMaterialEnvelope_ADSR.uexp" 816
"../../../Engine/Plugins/Runtime/AudioWidgets/Content/AudioMaterialSlate/MI_AudioMaterialEnvelope_ADSR.uasset" 817
"../../../Engine/Plugins/Runtime/AudioWidgets/Content/AudioMaterialSlate/MI_AudioMaterialEnvelope_ADSR.uexp" 818
"../../../Engine/Plugins/Runtime/AudioWidgets/Content/AudioMaterialSlate/Functions/MF_SingleLine_Smooth.uasset" 819
"../../../Engine/Plugins/Runtime/AudioWidgets/Content/AudioMaterialSlate/Functions/MF_SingleLine_Smooth.uexp" 820
"../../../Engine/Plugins/Runtime/AudioWidgets/Content/AudioMaterialSlate/Functions/MF_AngleGradient.uasset" 821
"../../../Engine/Plugins/Runtime/AudioWidgets/Content/AudioMaterialSlate/Functions/MF_AngleGradient.uexp" 822
"../../../Engine/Content/Functions/Engine_MaterialFunctions02/Lerp_3Color.uasset" 823
"../../../Engine/Content/Functions/Engine_MaterialFunctions02/Lerp_3Color.uexp" 824
"../../../Engine/Plugins/Runtime/AudioWidgets/Content/AudioMaterialSlate/M_AudioMaterialKnob.uasset" 825
"../../../Engine/Plugins/Runtime/AudioWidgets/Content/AudioMaterialSlate/M_AudioMaterialKnob.uexp" 826
"../../../Engine/Plugins/Runtime/AudioWidgets/Content/AudioMaterialSlate/MI_AudioMaterialKnob.uasset" 827
"../../../Engine/Plugins/Runtime/AudioWidgets/Content/AudioMaterialSlate/MI_AudioMaterialKnob.uexp" 828
"../../../Engine/Plugins/Runtime/AudioWidgets/Content/AudioMaterialSlate/Functions/MF_Lines.uasset" 829
"../../../Engine/Plugins/Runtime/AudioWidgets/Content/AudioMaterialSlate/Functions/MF_Lines.uexp" 830
"../../../Engine/Plugins/Runtime/AudioWidgets/Content/AudioMaterialSlate/M_AudioMaterialMeter.uasset" 831
"../../../Engine/Plugins/Runtime/AudioWidgets/Content/AudioMaterialSlate/M_AudioMaterialMeter.uexp" 832
"../../../Engine/Plugins/Runtime/AudioWidgets/Content/AudioMaterialSlate/MI_AudioMaterialMeter.uasset" 833
"../../../Engine/Plugins/Runtime/AudioWidgets/Content/AudioMaterialSlate/MI_AudioMaterialMeter.uexp" 834
"../../../Engine/Plugins/Runtime/AudioWidgets/Content/AudioMaterialSlate/M_AudioMaterialRoundedSlider.uasset" 835
"../../../Engine/Plugins/Runtime/AudioWidgets/Content/AudioMaterialSlate/M_AudioMaterialRoundedSlider.uexp" 836
"../../../Engine/Plugins/Runtime/AudioWidgets/Content/AudioMaterialSlate/MI_AudioMaterialRoundedSlider.uasset" 837
"../../../Engine/Plugins/Runtime/AudioWidgets/Content/AudioMaterialSlate/MI_AudioMaterialRoundedSlider.uexp" 838
"../../../Engine/Plugins/Runtime/AudioWidgets/Content/AudioMaterialSlate/Functions/MF_SingleLine.uasset" 839
"../../../Engine/Plugins/Runtime/AudioWidgets/Content/AudioMaterialSlate/Functions/MF_SingleLine.uexp" 840
"../../../Engine/Plugins/Runtime/AudioWidgets/Content/AudioMaterialSlate/M_AudioMaterialToggleButton.uasset" 841
"../../../Engine/Plugins/Runtime/AudioWidgets/Content/AudioMaterialSlate/M_AudioMaterialToggleButton.uexp" 842
"../../../Engine/Plugins/Runtime/AudioWidgets/Content/AudioMaterialSlate/MI_AudioMaterialToggleButton.uasset" 843
"../../../Engine/Plugins/Runtime/AudioWidgets/Content/AudioMaterialSlate/MI_AudioMaterialToggleButton.uexp" 844
"../../../Engine/Plugins/2D/Paper2D/Content/DefaultSpriteMaterial.uasset" 845
"../../../Engine/Plugins/2D/Paper2D/Content/DefaultSpriteMaterial.uexp" 846
"../../../Engine/Plugins/2D/Paper2D/Content/MaskedUnlitSpriteMaterial.uasset" 847
"../../../Engine/Plugins/2D/Paper2D/Content/MaskedUnlitSpriteMaterial.uexp" 848
"../../../Engine/Plugins/2D/Paper2D/Content/OpaqueUnlitSpriteMaterial.uasset" 849
"../../../Engine/Plugins/2D/Paper2D/Content/OpaqueUnlitSpriteMaterial.uexp" 850
"../../../Engine/Plugins/Media/MediaPlate/Content/SM_MediaPlateScreen.uasset" 851
"../../../Engine/Plugins/Media/MediaPlate/Content/SM_MediaPlateScreen.ubulk" 852
"../../../Engine/Plugins/Media/MediaPlate/Content/SM_MediaPlateScreen.uexp" 853
"../../../Engine/Plugins/NNE/NNEDenoiser/Content/NNEDIM_ColorAlbedoNormal_Alpha.uasset" 854
"../../../Engine/Plugins/NNE/NNEDenoiser/Content/NNEDIM_ColorAlbedoNormal_Alpha.uexp" 855
"../../../Engine/Plugins/NNE/NNEDenoiser/Content/NNEDIM_ColorAlbedoNormal_Default.uasset" 856
"../../../Engine/Plugins/NNE/NNEDenoiser/Content/NNEDIM_ColorAlbedoNormal_Default.uexp" 857
"../../../Engine/Plugins/NNE/NNEDenoiser/Content/NNEDIM_HighQuality_Alpha.uasset" 858
"../../../Engine/Plugins/NNE/NNEDenoiser/Content/NNEDIM_HighQuality_Alpha.uexp" 859
"../../../Engine/Plugins/NNE/NNEDenoiser/Content/NNEDIM_HighQuality_Default.uasset" 860
"../../../Engine/Plugins/NNE/NNEDenoiser/Content/NNEDIM_HighQuality_Default.uexp" 861
"../../../Engine/Plugins/NNE/NNEDenoiser/Content/NNEDOM_Output_Alpha.uasset" 862
"../../../Engine/Plugins/NNE/NNEDenoiser/Content/NNEDOM_Output_Alpha.uexp" 863
"../../../Engine/Plugins/NNE/NNEDenoiser/Content/NNEDOM_Output_Default.uasset" 864
"../../../Engine/Plugins/NNE/NNEDenoiser/Content/NNEDOM_Output_Default.uexp" 865
"../../../Engine/Plugins/NNE/NNEDenoiser/Content/NNEDTIM_ColorAlbedoNormal_Alpha.uasset" 866
"../../../Engine/Plugins/NNE/NNEDenoiser/Content/NNEDTIM_ColorAlbedoNormal_Alpha.uexp" 867
"../../../Engine/Plugins/NNE/NNEDenoiser/Content/NNEDTIM_ColorAlbedoNormal_Default.uasset" 868
"../../../Engine/Plugins/NNE/NNEDenoiser/Content/NNEDTIM_ColorAlbedoNormal_Default.uexp" 869
"../../../Engine/Plugins/NNE/NNEDenoiser/Content/NNEDTOM_Output_Alpha.uasset" 870
"../../../Engine/Plugins/NNE/NNEDenoiser/Content/NNEDTOM_Output_Alpha.uexp" 871
"../../../Engine/Plugins/NNE/NNEDenoiser/Content/NNEDTOM_Output_Default.uasset" 872
"../../../Engine/Plugins/NNE/NNEDenoiser/Content/NNEDTOM_Output_Default.uexp" 873
"../../../Engine/Content/EngineResources/LandscapeVisibilityLayerInfo.uasset" 874
"../../../Engine/Content/EngineResources/LandscapeVisibilityLayerInfo.uexp" 875
"../../../Engine/Content/VREditor/TransformGizmo/StartRotationHandleIndicator.uasset" 876
"../../../Engine/Content/VREditor/TransformGizmo/StartRotationHandleIndicator.ubulk" 877
"../../../Engine/Content/VREditor/TransformGizmo/StartRotationHandleIndicator.uexp" 878
"../../../Engine/Content/VREditor/Sounds/UI/Drop_Item_From_ContentBrowser.uasset" 879
"../../../Engine/Content/VREditor/Sounds/UI/Drop_Item_From_ContentBrowser.ubulk" 880
"../../../Engine/Content/VREditor/Sounds/UI/Drop_Item_From_ContentBrowser.uexp" 881
"../../../Engine/Content/VREditor/TransformGizmo/PlaneTranslationHandle.uasset" 882
"../../../Engine/Content/VREditor/TransformGizmo/PlaneTranslationHandle.ubulk" 883
"../../../Engine/Content/VREditor/TransformGizmo/PlaneTranslationHandle.uexp" 884
"../../../Engine/Content/VREditor/Sounds/UI/Object_Snaps_To_Grid.uasset" 885
"../../../Engine/Content/VREditor/Sounds/UI/Object_Snaps_To_Grid.ubulk" 886
"../../../Engine/Content/VREditor/Sounds/UI/Object_Snaps_To_Grid.uexp" 887
"../../../Engine/Content/VREditor/Sounds/UI/Selection_Changes.uasset" 888
"../../../Engine/Content/VREditor/Sounds/UI/Selection_Changes.ubulk" 889
"../../../Engine/Content/VREditor/Sounds/UI/Selection_Changes.uexp" 890
"../../../Engine/Content/VREditor/Sounds/UI/Object_Snaps_To_Another_Actor.uasset" 891
"../../../Engine/Content/VREditor/Sounds/UI/Object_Snaps_To_Another_Actor.ubulk" 892
"../../../Engine/Content/VREditor/Sounds/UI/Object_Snaps_To_Another_Actor.uexp" 893
"../../../Engine/Content/VREditor/TransformGizmo/TranslucentTransformGizmoMaterial_Inst.uasset" 894
"../../../Engine/Content/VREditor/TransformGizmo/TranslucentTransformGizmoMaterial_Inst.uexp" 895
"../../../Engine/Content/VREditor/TransformGizmo/TransformGizmoFreeRotation.uasset" 896
"../../../Engine/Content/VREditor/TransformGizmo/TransformGizmoFreeRotation.ubulk" 897
"../../../Engine/Content/VREditor/TransformGizmo/TransformGizmoFreeRotation.uexp" 898
"../../../Engine/Content/VREditor/Sounds/UI/Scaling_Down.uasset" 899
"../../../Engine/Content/VREditor/Sounds/UI/Scaling_Down.ubulk" 900
"../../../Engine/Content/VREditor/Sounds/UI/Scaling_Down.uexp" 901
"../../../Engine/Content/Functions/Engine_MaterialFunctions02/SplitComponents.uasset" 902
"../../../Engine/Content/Functions/Engine_MaterialFunctions02/SplitComponents.uexp" 903
"../../../Engine/Content/VREditor/SnapGrid/SnapGridMaterial.uasset" 904
"../../../Engine/Content/VREditor/SnapGrid/SnapGridMaterial.uexp" 905
"../../../Engine/Content/VREditor/SnapGrid/SnapGridPlaneMesh.uasset" 906
"../../../Engine/Content/VREditor/SnapGrid/SnapGridPlaneMesh.ubulk" 907
"../../../Engine/Content/VREditor/SnapGrid/SnapGridPlaneMesh.uexp" 908
"../../../Engine/Content/VREditor/Sounds/UI/Scaling_Up.uasset" 909
"../../../Engine/Content/VREditor/Sounds/UI/Scaling_Up.ubulk" 910
"../../../Engine/Content/VREditor/Sounds/UI/Scaling_Up.uexp" 911
"../../../Engine/Content/VREditor/TransformGizmo/TransformGizmoMaterial_Inst.uasset" 912
"../../../Engine/Content/VREditor/TransformGizmo/TransformGizmoMaterial_Inst.uexp" 913
"../../../Engine/Content/VREditor/Sounds/UI/Gizmo_Handle_Clicked.uasset" 914
"../../../Engine/Content/VREditor/Sounds/UI/Gizmo_Handle_Clicked.ubulk" 915
"../../../Engine/Content/VREditor/Sounds/UI/Gizmo_Handle_Clicked.uexp" 916
"../../../Engine/Content/VREditor/TransformGizmo/RotationHandleQuarter.uasset" 917
"../../../Engine/Content/VREditor/TransformGizmo/RotationHandleQuarter.ubulk" 918
"../../../Engine/Content/VREditor/TransformGizmo/RotationHandleQuarter.uexp" 919
"../../../Engine/Content/VREditor/TransformGizmo/TranslateArrowHandle.uasset" 920
"../../../Engine/Content/VREditor/TransformGizmo/TranslateArrowHandle.ubulk" 921
"../../../Engine/Content/VREditor/TransformGizmo/TranslateArrowHandle.uexp" 922
"../../../Engine/Content/VREditor/TransformGizmo/RotationHandleIndicator.uasset" 923
"../../../Engine/Content/VREditor/TransformGizmo/RotationHandleIndicator.ubulk" 924
"../../../Engine/Content/VREditor/TransformGizmo/RotationHandleIndicator.uexp" 925
"../../../Engine/Content/VREditor/TransformGizmo/UniformScaleHandle.uasset" 926
"../../../Engine/Content/VREditor/TransformGizmo/UniformScaleHandle.ubulk" 927
"../../../Engine/Content/VREditor/TransformGizmo/UniformScaleHandle.uexp" 928
"../../../Engine/Content/VREditor/TransformGizmo/RotationHandleFull.uasset" 929
"../../../Engine/Content/VREditor/TransformGizmo/RotationHandleFull.ubulk" 930
"../../../Engine/Content/VREditor/TransformGizmo/RotationHandleFull.uexp" 931
"../../../Engine/Content/VREditor/Sounds/UI/Object_PickUp.uasset" 932
"../../../Engine/Content/VREditor/Sounds/UI/Object_PickUp.ubulk" 933
"../../../Engine/Content/VREditor/Sounds/UI/Object_PickUp.uexp" 934
"../../../Engine/Plugins/Animation/DeformerGraph/Content/DeformerFunctions/DG_Function_ComputeNormalsTangents.uasset" 935
"../../../Engine/Plugins/Animation/DeformerGraph/Content/DeformerFunctions/DG_Function_ComputeNormalsTangents.uexp" 936
"../../../Engine/Plugins/Animation/DeformerGraph/Content/DeformerFunctions/DG_Function_LinearBlendSkin_Morph_Cloth.uasset" 937
"../../../Engine/Plugins/Animation/DeformerGraph/Content/DeformerFunctions/DG_Function_LinearBlendSkin_Morph_Cloth.uexp" 938
"../../../Engine/Plugins/Animation/DeformerGraph/Content/DeformerFunctions/DG_Function_LinearBlendSkin_Morph_Cloth_PositionOnly.uasset" 939
"../../../Engine/Plugins/Animation/DeformerGraph/Content/DeformerFunctions/DG_Function_LinearBlendSkin_Morph_Cloth_PositionOnly.uexp" 940
"../../../Engine/Plugins/Animation/DeformerGraph/Content/Deformers/DG_LinearBlendSkin_Morph_Cloth.uasset" 941
"../../../Engine/Plugins/Animation/DeformerGraph/Content/Deformers/DG_LinearBlendSkin_Morph_Cloth.uexp" 942
"../../../Engine/Plugins/Animation/DeformerGraph/Content/Deformers/DG_LinearBlendSkin_Morph_Cloth_RecomputeNormals.uasset" 943
"../../../Engine/Plugins/Animation/DeformerGraph/Content/Deformers/DG_LinearBlendSkin_Morph_Cloth_RecomputeNormals.uexp" 944
"E:/Git/HeroQuest/HeroQuest/Content/UI/Cursor.uasset" 945
"E:/Git/HeroQuest/HeroQuest/Content/UI/Cursor.uexp" 946
"E:/Git/HeroQuest/HeroQuest/Content/UI/WB_Cursor.uasset" 947
"E:/Git/HeroQuest/HeroQuest/Content/UI/WB_Cursor.uexp" 948
"../../../Engine/Plugins/NNE/NNEDenoiser/Content/NNEDT_Oidn2-3_Balanced.uasset" 949
"../../../Engine/Plugins/NNE/NNEDenoiser/Content/NNEDT_Oidn2-3_Balanced.uexp" 950
"../../../Engine/Plugins/NNE/NNEDenoiser/Content/NNEDT_Oidn2-3_Balanced_Alpha.uasset" 951
"../../../Engine/Plugins/NNE/NNEDenoiser/Content/NNEDT_Oidn2-3_Balanced_Alpha.uexp" 952
"../../../Engine/Plugins/NNE/NNEDenoiser/Content/NNED_Oidn2-3_Balanced.uasset" 953
"../../../Engine/Plugins/NNE/NNEDenoiser/Content/NNED_Oidn2-3_Balanced.uexp" 954
"../../../Engine/Plugins/NNE/NNEDenoiser/Content/NNED_Oidn2-3_Balanced_Alpha.uasset" 955
"../../../Engine/Plugins/NNE/NNEDenoiser/Content/NNED_Oidn2-3_Balanced_Alpha.uexp" 956
"../../../Engine/Plugins/NNE/NNEDenoiser/Content/NNED_Oidn2-3_Fast.uasset" 957
"../../../Engine/Plugins/NNE/NNEDenoiser/Content/NNED_Oidn2-3_Fast.uexp" 958
"../../../Engine/Plugins/NNE/NNEDenoiser/Content/NNED_Oidn2-3_Fast_Alpha.uasset" 959
"../../../Engine/Plugins/NNE/NNEDenoiser/Content/NNED_Oidn2-3_Fast_Alpha.uexp" 960
"../../../Engine/Plugins/NNE/NNEDenoiser/Content/NNED_Oidn2-3_HighQuality.uasset" 961
"../../../Engine/Plugins/NNE/NNEDenoiser/Content/NNED_Oidn2-3_HighQuality.uexp" 962
"../../../Engine/Plugins/NNE/NNEDenoiser/Content/NNED_Oidn2-3_HighQuality_Alpha.uasset" 963
"../../../Engine/Plugins/NNE/NNEDenoiser/Content/NNED_Oidn2-3_HighQuality_Alpha.uexp" 964
"../../../Engine/Plugins/NNE/NNEDenoiser/Content/NNE_oidn2-3-0_rt_hdr_alb_nrm_small__dyn__fp16_opset11_DenoiseAlpha.uasset" 965
"../../../Engine/Plugins/NNE/NNEDenoiser/Content/NNE_oidn2-3-0_rt_hdr_alb_nrm_small__dyn__fp16_opset11_DenoiseAlpha.uexp" 966
"../../../Engine/Plugins/NNE/NNEDenoiser/Content/NNE_oidn2-3-0_rt_hdr_alb_nrm_small__dyn__fp16_opset11_ForwardAlpha.uasset" 967
"../../../Engine/Plugins/NNE/NNEDenoiser/Content/NNE_oidn2-3-0_rt_hdr_alb_nrm_small__dyn__fp16_opset11_ForwardAlpha.uexp" 968
"../../../Engine/Plugins/NNE/NNEDenoiser/Content/NNE_oidn2-3-0_rt_hdr_alb_nrm__dyn__fp16_opset11_DenoiseAlpha.uasset" 969
"../../../Engine/Plugins/NNE/NNEDenoiser/Content/NNE_oidn2-3-0_rt_hdr_alb_nrm__dyn__fp16_opset11_DenoiseAlpha.uexp" 970
"../../../Engine/Plugins/NNE/NNEDenoiser/Content/NNE_oidn2-3-0_rt_hdr_alb_nrm__dyn__fp16_opset11_ForwardAlpha.uasset" 971
"../../../Engine/Plugins/NNE/NNEDenoiser/Content/NNE_oidn2-3-0_rt_hdr_alb_nrm__dyn__fp16_opset11_ForwardAlpha.uexp" 972
"../../../Engine/Plugins/NNE/NNEDenoiser/Content/NNE_oidn2-3-0_rt_hdr_calb_cnrm_large__dyn__fp16_opset11_DenoiseAlpha.uasset" 973
"../../../Engine/Plugins/NNE/NNEDenoiser/Content/NNE_oidn2-3-0_rt_hdr_calb_cnrm_large__dyn__fp16_opset11_DenoiseAlpha.uexp" 974
"../../../Engine/Plugins/NNE/NNEDenoiser/Content/NNE_oidn2-3-0_rt_hdr_calb_cnrm_large__dyn__fp16_opset11_ForwardAlpha.uasset" 975
"../../../Engine/Plugins/NNE/NNEDenoiser/Content/NNE_oidn2-3-0_rt_hdr_calb_cnrm_large__dyn__fp16_opset11_ForwardAlpha.uexp" 976
"../../../Engine/Content/Maps/Entry_BuiltData.uasset" 977
"../../../Engine/Content/Maps/Entry_BuiltData.uexp" 978
"../../../Engine/Content/Maps/Entry.umap" 979
"../../../Engine/Content/Maps/Entry.uexp" 980
"../../../Engine/Content/BasicShapes/Plane.uasset" 981
"../../../Engine/Content/BasicShapes/Plane.ubulk" 982
"../../../Engine/Content/BasicShapes/Plane.uexp" 983
"E:/Git/HeroQuest/HeroQuest/Content/Meshes/HeroQuestBoard2.uasset" 984
"E:/Git/HeroQuest/HeroQuest/Content/Meshes/HeroQuestBoard2.uexp" 985
"E:/Git/HeroQuest/HeroQuest/Content/Meshes/M_BoardLuma.uasset" 986
"E:/Git/HeroQuest/HeroQuest/Content/Meshes/M_BoardLuma.uexp" 987
"E:/Git/HeroQuest/HeroQuest/Content/Blueprints/BP_MainBoard.uasset" 988
"E:/Git/HeroQuest/HeroQuest/Content/Blueprints/BP_MainBoard.uexp" 989
"E:/Git/HeroQuest/HeroQuest/Content/Meshes/M_Color.uasset" 990
"E:/Git/HeroQuest/HeroQuest/Content/Meshes/M_Color.uexp" 991
"E:/Git/HeroQuest/HeroQuest/Content/Blueprints/BP_TriggerRoom.uasset" 992
"E:/Git/HeroQuest/HeroQuest/Content/Blueprints/BP_TriggerRoom.uexp" 993
"E:/Git/HeroQuest/HeroQuest/Content/Blueprints/BP_ExternalLight.uasset" 994
"E:/Git/HeroQuest/HeroQuest/Content/Blueprints/BP_ExternalLight.uexp" 995
"E:/Git/HeroQuest/HeroQuest/Content/Meshes/T_Dungeon_Quarters.uasset" 996
"E:/Git/HeroQuest/HeroQuest/Content/Meshes/T_Dungeon_Quarters.uexp" 997
"E:/Git/HeroQuest/HeroQuest/Content/Meshes/HeroQuestBoard2_n.uasset" 998
"E:/Git/HeroQuest/HeroQuest/Content/Meshes/HeroQuestBoard2_n.uexp" 999
"E:/Git/HeroQuest/HeroQuest/Content/Meshes/M_Board.uasset" 1000
"E:/Git/HeroQuest/HeroQuest/Content/Meshes/M_Board.uexp" 1001
"E:/Git/HeroQuest/HeroQuest/Content/Meshes/M_Board_Quarters.uasset" 1002
"E:/Git/HeroQuest/HeroQuest/Content/Meshes/M_Board_Quarters.uexp" 1003
"E:/Git/HeroQuest/HeroQuest/Content/Meshes/M_Board_Default.uasset" 1004
"E:/Git/HeroQuest/HeroQuest/Content/Meshes/M_Board_Default.uexp" 1005
"E:/Git/HeroQuest/HeroQuest/Content/Meshes/T_Dungeon_Mess2.uasset" 1006
"E:/Git/HeroQuest/HeroQuest/Content/Meshes/T_Dungeon_Mess2.uexp" 1007
"E:/Git/HeroQuest/HeroQuest/Content/Meshes/M_Board_Mess2.uasset" 1008
"E:/Git/HeroQuest/HeroQuest/Content/Meshes/M_Board_Mess2.uexp" 1009
"E:/Git/HeroQuest/HeroQuest/Content/Meshes/T_Dungeon_Mess1.uasset" 1010
"E:/Git/HeroQuest/HeroQuest/Content/Meshes/T_Dungeon_Mess1.uexp" 1011
"E:/Git/HeroQuest/HeroQuest/Content/Meshes/M_Board_Mess1.uasset" 1012
"E:/Git/HeroQuest/HeroQuest/Content/Meshes/M_Board_Mess1.uexp" 1013
"E:/Git/HeroQuest/HeroQuest/Content/Meshes/T_Dungeon_Goblins2.uasset" 1014
"E:/Git/HeroQuest/HeroQuest/Content/Meshes/T_Dungeon_Goblins2.uexp" 1015
"E:/Git/HeroQuest/HeroQuest/Content/Meshes/M_Board_Goblins2.uasset" 1016
"E:/Git/HeroQuest/HeroQuest/Content/Meshes/M_Board_Goblins2.uexp" 1017
"E:/Git/HeroQuest/HeroQuest/Content/Meshes/T_Dungeon_Mess3.uasset" 1018
"E:/Git/HeroQuest/HeroQuest/Content/Meshes/T_Dungeon_Mess3.uexp" 1019
"E:/Git/HeroQuest/HeroQuest/Content/Meshes/M_Board_Mess3.uasset" 1020
"E:/Git/HeroQuest/HeroQuest/Content/Meshes/M_Board_Mess3.uexp" 1021
"E:/Git/HeroQuest/HeroQuest/Content/Meshes/T_Dungeon_Wood3.uasset" 1022
"E:/Git/HeroQuest/HeroQuest/Content/Meshes/T_Dungeon_Wood3.uexp" 1023
"E:/Git/HeroQuest/HeroQuest/Content/Meshes/M_Board_Wood3.uasset" 1024
"E:/Git/HeroQuest/HeroQuest/Content/Meshes/M_Board_Wood3.uexp" 1025
"E:/Git/HeroQuest/HeroQuest/Content/Meshes/T_Dungeon_Sewers.uasset" 1026
"E:/Git/HeroQuest/HeroQuest/Content/Meshes/T_Dungeon_Sewers.uexp" 1027
"E:/Git/HeroQuest/HeroQuest/Content/Meshes/M_Board_Sewers.uasset" 1028
"E:/Git/HeroQuest/HeroQuest/Content/Meshes/M_Board_Sewers.uexp" 1029
"E:/Git/HeroQuest/HeroQuest/Content/Meshes/T_Dungeon_Wood4.uasset" 1030
"E:/Git/HeroQuest/HeroQuest/Content/Meshes/T_Dungeon_Wood4.uexp" 1031
"E:/Git/HeroQuest/HeroQuest/Content/Meshes/M_Board_Goblins5.uasset" 1032
"E:/Git/HeroQuest/HeroQuest/Content/Meshes/M_Board_Goblins5.uexp" 1033
"E:/Git/HeroQuest/HeroQuest/Content/Meshes/T_Dungeon_Wood1.uasset" 1034
"E:/Git/HeroQuest/HeroQuest/Content/Meshes/T_Dungeon_Wood1.uexp" 1035
"E:/Git/HeroQuest/HeroQuest/Content/Meshes/M_Board_Wood1.uasset" 1036
"E:/Git/HeroQuest/HeroQuest/Content/Meshes/M_Board_Wood1.uexp" 1037
"E:/Git/HeroQuest/HeroQuest/Content/Meshes/T_Dungeon_Goblins4.uasset" 1038
"E:/Git/HeroQuest/HeroQuest/Content/Meshes/T_Dungeon_Goblins4.uexp" 1039
"E:/Git/HeroQuest/HeroQuest/Content/Meshes/M_Board_Goblins4.uasset" 1040
"E:/Git/HeroQuest/HeroQuest/Content/Meshes/M_Board_Goblins4.uexp" 1041
"E:/Git/HeroQuest/HeroQuest/Content/Meshes/T_Dungeon_Wood2.uasset" 1042
"E:/Git/HeroQuest/HeroQuest/Content/Meshes/T_Dungeon_Wood2.uexp" 1043
"E:/Git/HeroQuest/HeroQuest/Content/Meshes/M_Board_Wood2.uasset" 1044
"E:/Git/HeroQuest/HeroQuest/Content/Meshes/M_Board_Wood2.uexp" 1045
"E:/Git/HeroQuest/HeroQuest/Content/Meshes/T_Dungeon_Goblins3.uasset" 1046
"E:/Git/HeroQuest/HeroQuest/Content/Meshes/T_Dungeon_Goblins3.uexp" 1047
"E:/Git/HeroQuest/HeroQuest/Content/Meshes/M_Board_Goblins3.uasset" 1048
"E:/Git/HeroQuest/HeroQuest/Content/Meshes/M_Board_Goblins3.uexp" 1049
"E:/Git/HeroQuest/HeroQuest/Content/Meshes/T_Dungeon_Persian2.uasset" 1050
"E:/Git/HeroQuest/HeroQuest/Content/Meshes/T_Dungeon_Persian2.uexp" 1051
"E:/Git/HeroQuest/HeroQuest/Content/Meshes/M_Board_Persian2.uasset" 1052
"E:/Git/HeroQuest/HeroQuest/Content/Meshes/M_Board_Persian2.uexp" 1053
"E:/Git/HeroQuest/HeroQuest/Content/Meshes/T_Dungeon_Plants_n.uasset" 1054
"E:/Git/HeroQuest/HeroQuest/Content/Meshes/T_Dungeon_Plants_n.uexp" 1055
"E:/Git/HeroQuest/HeroQuest/Content/Meshes/T_Dungeon_Plants.uasset" 1056
"E:/Git/HeroQuest/HeroQuest/Content/Meshes/T_Dungeon_Plants.uexp" 1057
"E:/Git/HeroQuest/HeroQuest/Content/Meshes/M_Board_Plants.uasset" 1058
"E:/Git/HeroQuest/HeroQuest/Content/Meshes/M_Board_Plants.uexp" 1059
"E:/Git/HeroQuest/HeroQuest/Content/Meshes/T_Dungeon_Persian1.uasset" 1060
"E:/Git/HeroQuest/HeroQuest/Content/Meshes/T_Dungeon_Persian1.uexp" 1061
"E:/Git/HeroQuest/HeroQuest/Content/Meshes/M_Board_Persian1.uasset" 1062
"E:/Git/HeroQuest/HeroQuest/Content/Meshes/M_Board_Persian1.uexp" 1063
"E:/Git/HeroQuest/HeroQuest/Content/Meshes/SM_3dBoardHeroQuest.uasset" 1064
"E:/Git/HeroQuest/HeroQuest/Content/Meshes/SM_3dBoardHeroQuest.ubulk" 1065
"E:/Git/HeroQuest/HeroQuest/Content/Meshes/SM_3dBoardHeroQuest.uexp" 1066
"E:/Git/HeroQuest/HeroQuest/Content/Meshes/T_Dungeon_Plants2_n.uasset" 1067
"E:/Git/HeroQuest/HeroQuest/Content/Meshes/T_Dungeon_Plants2_n.uexp" 1068
"E:/Git/HeroQuest/HeroQuest/Content/Meshes/T_Dungeon_Plants2.uasset" 1069
"E:/Git/HeroQuest/HeroQuest/Content/Meshes/T_Dungeon_Plants2.uexp" 1070
"E:/Git/HeroQuest/HeroQuest/Content/Meshes/M_Board_Plants2.uasset" 1071
"E:/Git/HeroQuest/HeroQuest/Content/Meshes/M_Board_Plants2.uexp" 1072
"E:/Git/HeroQuest/HeroQuest/Content/Meshes/T_Dungeon_Goblins1.uasset" 1073
"E:/Git/HeroQuest/HeroQuest/Content/Meshes/T_Dungeon_Goblins1.uexp" 1074
"E:/Git/HeroQuest/HeroQuest/Content/Meshes/M_Board_Goblins1.uasset" 1075
"E:/Git/HeroQuest/HeroQuest/Content/Meshes/M_Board_Goblins1.uexp" 1076
"E:/Git/HeroQuest/HeroQuest/Content/Blueprints/BP_Board.uasset" 1077
"E:/Git/HeroQuest/HeroQuest/Content/Blueprints/BP_Board.uexp" 1078
"../../../Engine/Content/BasicShapes/BasicShapeMaterial.uasset" 1079
"../../../Engine/Content/BasicShapes/BasicShapeMaterial.uexp" 1080
"E:/Git/HeroQuest/HeroQuest/Content/Meshes/SM_Plane2.uasset" 1081
"E:/Git/HeroQuest/HeroQuest/Content/Meshes/SM_Plane2.ubulk" 1082
"E:/Git/HeroQuest/HeroQuest/Content/Meshes/SM_Plane2.uexp" 1083
"E:/Git/HeroQuest/HeroQuest/Content/Blueprints/BP_Player.uasset" 1084
"E:/Git/HeroQuest/HeroQuest/Content/Blueprints/BP_Player.uexp" 1085
"E:/Git/HeroQuest/HeroQuest/Content/GM_HeroQuest.uasset" 1086
"E:/Git/HeroQuest/HeroQuest/Content/GM_HeroQuest.uexp" 1087
"E:/Git/HeroQuest/HeroQuest/Content/Main.uasset" 1088
"E:/Git/HeroQuest/HeroQuest/Content/Main.uexp" 1089
"../../../Engine/Plugins/FX/Niagara/Content/DefaultAssets/DefaultSpriteMaterial.uasset" 1090
"../../../Engine/Plugins/FX/Niagara/Content/DefaultAssets/DefaultSpriteMaterial.uexp" 1091
"../../../Engine/Plugins/FX/Niagara/Content/VectorFields/Assets/TilingCurl32.uasset" 1092
"../../../Engine/Plugins/FX/Niagara/Content/VectorFields/Assets/TilingCurl32.uexp" 1093
"E:/Git/HeroQuest/HeroQuest/Content/VFX/VFX_Dust.uasset" 1094
"E:/Git/HeroQuest/HeroQuest/Content/VFX/VFX_Dust.uexp" 1095
"E:/Git/HeroQuest/HeroQuest/Content/Maps/HeroQuest.umap" 1096
"E:/Git/HeroQuest/HeroQuest/Content/Maps/HeroQuest.uexp" 1097
